<?xml version="1.0" encoding="UTF-8"?>
<testsuite xmlns:xsi="http://www.w3.org/2001/XMLSchema-instance" xsi:noNamespaceSchemaLocation="https://maven.apache.org/surefire/maven-surefire-plugin/xsd/surefire-test-report.xsd" name="com.salesOrderService.SalesOrderServiceApplicationTests" time="7.774" tests="1" errors="1" skipped="0" failures="0">
  <properties>
    <property name="sun.desktop" value="windows"/>
    <property name="awt.toolkit" value="sun.awt.windows.WToolkit"/>
    <property name="file.encoding.pkg" value="sun.io"/>
    <property name="java.specification.version" value="1.8"/>
    <property name="sun.cpu.isalist" value="amd64"/>
    <property name="sun.jnu.encoding" value="Cp1252"/>
    <property name="java.class.path" value="C:\SelfLearning\github\SalesOrderService\target\test-classes;C:\SelfLearning\github\SalesOrderService\target\classes;C:\SelfLearning\.m2\repository\org\springframework\boot\spring-boot-starter-data-jpa\2.2.10.RELEASE\spring-boot-starter-data-jpa-2.2.10.RELEASE.jar;C:\SelfLearning\.m2\repository\org\springframework\boot\spring-boot-starter-aop\2.2.10.RELEASE\spring-boot-starter-aop-2.2.10.RELEASE.jar;C:\SelfLearning\.m2\repository\org\springframework\spring-aop\5.2.9.RELEASE\spring-aop-5.2.9.RELEASE.jar;C:\SelfLearning\.m2\repository\org\aspectj\aspectjweaver\1.9.6\aspectjweaver-1.9.6.jar;C:\SelfLearning\.m2\repository\org\springframework\boot\spring-boot-starter-jdbc\2.2.10.RELEASE\spring-boot-starter-jdbc-2.2.10.RELEASE.jar;C:\SelfLearning\.m2\repository\com\zaxxer\HikariCP\3.4.5\HikariCP-3.4.5.jar;C:\SelfLearning\.m2\repository\org\springframework\spring-jdbc\5.2.9.RELEASE\spring-jdbc-5.2.9.RELEASE.jar;C:\SelfLearning\.m2\repository\jakarta\persistence\jakarta.persistence-api\2.2.3\jakarta.persistence-api-2.2.3.jar;C:\SelfLearning\.m2\repository\jakarta\transaction\jakarta.transaction-api\1.3.3\jakarta.transaction-api-1.3.3.jar;C:\SelfLearning\.m2\repository\org\hibernate\hibernate-core\5.4.21.Final\hibernate-core-5.4.21.Final.jar;C:\SelfLearning\.m2\repository\org\jboss\logging\jboss-logging\3.4.1.Final\jboss-logging-3.4.1.Final.jar;C:\SelfLearning\.m2\repository\org\javassist\javassist\3.24.0-GA\javassist-3.24.0-GA.jar;C:\SelfLearning\.m2\repository\net\bytebuddy\byte-buddy\1.10.14\byte-buddy-1.10.14.jar;C:\SelfLearning\.m2\repository\antlr\antlr\2.7.7\antlr-2.7.7.jar;C:\SelfLearning\.m2\repository\org\jboss\jandex\2.1.3.Final\jandex-2.1.3.Final.jar;C:\SelfLearning\.m2\repository\com\fasterxml\classmate\1.5.1\classmate-1.5.1.jar;C:\SelfLearning\.m2\repository\org\dom4j\dom4j\2.1.3\dom4j-2.1.3.jar;C:\SelfLearning\.m2\repository\org\hibernate\common\hibernate-commons-annotations\5.1.0.Final\hibernate-commons-annotations-5.1.0.Final.jar;C:\SelfLearning\.m2\repository\org\glassfish\jaxb\jaxb-runtime\2.3.3\jaxb-runtime-2.3.3.jar;C:\SelfLearning\.m2\repository\org\glassfish\jaxb\txw2\2.3.3\txw2-2.3.3.jar;C:\SelfLearning\.m2\repository\com\sun\istack\istack-commons-runtime\3.0.11\istack-commons-runtime-3.0.11.jar;C:\SelfLearning\.m2\repository\com\sun\activation\jakarta.activation\1.2.2\jakarta.activation-1.2.2.jar;C:\SelfLearning\.m2\repository\org\springframework\data\spring-data-jpa\2.2.10.RELEASE\spring-data-jpa-2.2.10.RELEASE.jar;C:\SelfLearning\.m2\repository\org\springframework\data\spring-data-commons\2.2.10.RELEASE\spring-data-commons-2.2.10.RELEASE.jar;C:\SelfLearning\.m2\repository\org\springframework\spring-orm\5.2.9.RELEASE\spring-orm-5.2.9.RELEASE.jar;C:\SelfLearning\.m2\repository\org\springframework\spring-beans\5.2.9.RELEASE\spring-beans-5.2.9.RELEASE.jar;C:\SelfLearning\.m2\repository\org\slf4j\slf4j-api\1.7.30\slf4j-api-1.7.30.jar;C:\SelfLearning\.m2\repository\org\springframework\spring-aspects\5.2.9.RELEASE\spring-aspects-5.2.9.RELEASE.jar;C:\SelfLearning\.m2\repository\org\springframework\boot\spring-boot-starter-web\2.2.10.RELEASE\spring-boot-starter-web-2.2.10.RELEASE.jar;C:\SelfLearning\.m2\repository\org\springframework\boot\spring-boot-starter-json\2.2.10.RELEASE\spring-boot-starter-json-2.2.10.RELEASE.jar;C:\SelfLearning\.m2\repository\com\fasterxml\jackson\datatype\jackson-datatype-jdk8\2.10.5\jackson-datatype-jdk8-2.10.5.jar;C:\SelfLearning\.m2\repository\com\fasterxml\jackson\datatype\jackson-datatype-jsr310\2.10.5\jackson-datatype-jsr310-2.10.5.jar;C:\SelfLearning\.m2\repository\com\fasterxml\jackson\module\jackson-module-parameter-names\2.10.5\jackson-module-parameter-names-2.10.5.jar;C:\SelfLearning\.m2\repository\org\springframework\boot\spring-boot-starter-tomcat\2.2.10.RELEASE\spring-boot-starter-tomcat-2.2.10.RELEASE.jar;C:\SelfLearning\.m2\repository\org\apache\tomcat\embed\tomcat-embed-core\9.0.38\tomcat-embed-core-9.0.38.jar;C:\SelfLearning\.m2\repository\org\apache\tomcat\embed\tomcat-embed-websocket\9.0.38\tomcat-embed-websocket-9.0.38.jar;C:\SelfLearning\.m2\repository\org\springframework\spring-web\5.2.9.RELEASE\spring-web-5.2.9.RELEASE.jar;C:\SelfLearning\.m2\repository\org\springframework\spring-webmvc\5.2.9.RELEASE\spring-webmvc-5.2.9.RELEASE.jar;C:\SelfLearning\.m2\repository\org\springframework\spring-expression\5.2.9.RELEASE\spring-expression-5.2.9.RELEASE.jar;C:\SelfLearning\.m2\repository\org\springframework\cloud\spring-cloud-starter-netflix-hystrix\2.1.3.RELEASE\spring-cloud-starter-netflix-hystrix-2.1.3.RELEASE.jar;C:\SelfLearning\.m2\repository\org\springframework\cloud\spring-cloud-starter\2.1.3.RELEASE\spring-cloud-starter-2.1.3.RELEASE.jar;C:\SelfLearning\.m2\repository\org\springframework\cloud\spring-cloud-context\2.1.3.RELEASE\spring-cloud-context-2.1.3.RELEASE.jar;C:\SelfLearning\.m2\repository\org\springframework\security\spring-security-rsa\1.0.7.RELEASE\spring-security-rsa-1.0.7.RELEASE.jar;C:\SelfLearning\.m2\repository\org\bouncycastle\bcpkix-jdk15on\1.60\bcpkix-jdk15on-1.60.jar;C:\SelfLearning\.m2\repository\org\bouncycastle\bcprov-jdk15on\1.60\bcprov-jdk15on-1.60.jar;C:\SelfLearning\.m2\repository\org\springframework\cloud\spring-cloud-netflix-hystrix\2.1.3.RELEASE\spring-cloud-netflix-hystrix-2.1.3.RELEASE.jar;C:\SelfLearning\.m2\repository\org\springframework\cloud\spring-cloud-netflix-ribbon\2.1.3.RELEASE\spring-cloud-netflix-ribbon-2.1.3.RELEASE.jar;C:\SelfLearning\.m2\repository\org\springframework\cloud\spring-cloud-netflix-archaius\2.1.3.RELEASE\spring-cloud-netflix-archaius-2.1.3.RELEASE.jar;C:\SelfLearning\.m2\repository\org\springframework\cloud\spring-cloud-starter-netflix-archaius\2.1.3.RELEASE\spring-cloud-starter-netflix-archaius-2.1.3.RELEASE.jar;C:\SelfLearning\.m2\repository\com\netflix\archaius\archaius-core\0.7.6\archaius-core-0.7.6.jar;C:\SelfLearning\.m2\repository\com\google\code\findbugs\jsr305\3.0.1\jsr305-3.0.1.jar;C:\SelfLearning\.m2\repository\commons-configuration\commons-configuration\1.8\commons-configuration-1.8.jar;C:\SelfLearning\.m2\repository\com\netflix\hystrix\hystrix-core\1.5.18\hystrix-core-1.5.18.jar;C:\SelfLearning\.m2\repository\org\hdrhistogram\HdrHistogram\2.1.9\HdrHistogram-2.1.9.jar;C:\SelfLearning\.m2\repository\com\netflix\hystrix\hystrix-serialization\1.5.18\hystrix-serialization-1.5.18.jar;C:\SelfLearning\.m2\repository\com\fasterxml\jackson\module\jackson-module-afterburner\2.10.5\jackson-module-afterburner-2.10.5.jar;C:\SelfLearning\.m2\repository\com\fasterxml\jackson\core\jackson-core\2.10.5\jackson-core-2.10.5.jar;C:\SelfLearning\.m2\repository\com\fasterxml\jackson\core\jackson-annotations\2.10.5\jackson-annotations-2.10.5.jar;C:\SelfLearning\.m2\repository\com\netflix\hystrix\hystrix-metrics-event-stream\1.5.18\hystrix-metrics-event-stream-1.5.18.jar;C:\SelfLearning\.m2\repository\com\netflix\hystrix\hystrix-javanica\1.5.18\hystrix-javanica-1.5.18.jar;C:\SelfLearning\.m2\repository\org\apache\commons\commons-lang3\3.9\commons-lang3-3.9.jar;C:\SelfLearning\.m2\repository\org\ow2\asm\asm\5.0.4\asm-5.0.4.jar;C:\SelfLearning\.m2\repository\com\google\guava\guava\15.0\guava-15.0.jar;C:\SelfLearning\.m2\repository\io\reactivex\rxjava-reactive-streams\1.2.1\rxjava-reactive-streams-1.2.1.jar;C:\SelfLearning\.m2\repository\org\reactivestreams\reactive-streams\1.0.3\reactive-streams-1.0.3.jar;C:\SelfLearning\.m2\repository\org\springframework\cloud\spring-cloud-starter-netflix-ribbon\2.1.3.RELEASE\spring-cloud-starter-netflix-ribbon-2.1.3.RELEASE.jar;C:\SelfLearning\.m2\repository\com\netflix\ribbon\ribbon\2.3.0\ribbon-2.3.0.jar;C:\SelfLearning\.m2\repository\com\netflix\ribbon\ribbon-transport\2.3.0\ribbon-transport-2.3.0.jar;C:\SelfLearning\.m2\repository\io\reactivex\rxnetty-contexts\0.4.9\rxnetty-contexts-0.4.9.jar;C:\SelfLearning\.m2\repository\io\reactivex\rxnetty-servo\0.4.9\rxnetty-servo-0.4.9.jar;C:\SelfLearning\.m2\repository\javax\inject\javax.inject\1\javax.inject-1.jar;C:\SelfLearning\.m2\repository\io\reactivex\rxnetty\0.4.9\rxnetty-0.4.9.jar;C:\SelfLearning\.m2\repository\com\netflix\ribbon\ribbon-core\2.3.0\ribbon-core-2.3.0.jar;C:\SelfLearning\.m2\repository\commons-lang\commons-lang\2.6\commons-lang-2.6.jar;C:\SelfLearning\.m2\repository\com\netflix\ribbon\ribbon-httpclient\2.3.0\ribbon-httpclient-2.3.0.jar;C:\SelfLearning\.m2\repository\commons-collections\commons-collections\3.2.2\commons-collections-3.2.2.jar;C:\SelfLearning\.m2\repository\org\apache\httpcomponents\httpclient\4.5.12\httpclient-4.5.12.jar;C:\SelfLearning\.m2\repository\org\apache\httpcomponents\httpcore\4.4.13\httpcore-4.4.13.jar;C:\SelfLearning\.m2\repository\commons-codec\commons-codec\1.13\commons-codec-1.13.jar;C:\SelfLearning\.m2\repository\com\sun\jersey\jersey-client\1.19.1\jersey-client-1.19.1.jar;C:\SelfLearning\.m2\repository\com\sun\jersey\contribs\jersey-apache-client4\1.19.1\jersey-apache-client4-1.19.1.jar;C:\SelfLearning\.m2\repository\com\netflix\servo\servo-core\0.12.21\servo-core-0.12.21.jar;C:\SelfLearning\.m2\repository\com\netflix\netflix-commons\netflix-commons-util\0.3.0\netflix-commons-util-0.3.0.jar;C:\SelfLearning\.m2\repository\com\netflix\ribbon\ribbon-loadbalancer\2.3.0\ribbon-loadbalancer-2.3.0.jar;C:\SelfLearning\.m2\repository\com\netflix\netflix-commons\netflix-statistics\0.1.1\netflix-statistics-0.1.1.jar;C:\SelfLearning\.m2\repository\io\reactivex\rxjava\1.3.8\rxjava-1.3.8.jar;C:\SelfLearning\.m2\repository\org\springframework\boot\spring-boot-devtools\2.2.10.RELEASE\spring-boot-devtools-2.2.10.RELEASE.jar;C:\SelfLearning\.m2\repository\org\springframework\boot\spring-boot\2.2.10.RELEASE\spring-boot-2.2.10.RELEASE.jar;C:\SelfLearning\.m2\repository\org\springframework\boot\spring-boot-autoconfigure\2.2.10.RELEASE\spring-boot-autoconfigure-2.2.10.RELEASE.jar;C:\SelfLearning\.m2\repository\com\h2database\h2\1.4.200\h2-1.4.200.jar;C:\SelfLearning\.m2\repository\org\projectlombok\lombok\1.18.12\lombok-1.18.12.jar;C:\SelfLearning\.m2\repository\org\springframework\boot\spring-boot-starter-test\2.2.10.RELEASE\spring-boot-starter-test-2.2.10.RELEASE.jar;C:\SelfLearning\.m2\repository\org\springframework\boot\spring-boot-test\2.2.10.RELEASE\spring-boot-test-2.2.10.RELEASE.jar;C:\SelfLearning\.m2\repository\org\springframework\boot\spring-boot-test-autoconfigure\2.2.10.RELEASE\spring-boot-test-autoconfigure-2.2.10.RELEASE.jar;C:\SelfLearning\.m2\repository\com\jayway\jsonpath\json-path\2.4.0\json-path-2.4.0.jar;C:\SelfLearning\.m2\repository\net\minidev\json-smart\2.3\json-smart-2.3.jar;C:\SelfLearning\.m2\repository\net\minidev\accessors-smart\1.2\accessors-smart-1.2.jar;C:\SelfLearning\.m2\repository\jakarta\xml\bind\jakarta.xml.bind-api\2.3.3\jakarta.xml.bind-api-2.3.3.jar;C:\SelfLearning\.m2\repository\jakarta\activation\jakarta.activation-api\1.2.2\jakarta.activation-api-1.2.2.jar;C:\SelfLearning\.m2\repository\org\junit\jupiter\junit-jupiter\5.5.2\junit-jupiter-5.5.2.jar;C:\SelfLearning\.m2\repository\org\junit\jupiter\junit-jupiter-params\5.5.2\junit-jupiter-params-5.5.2.jar;C:\SelfLearning\.m2\repository\org\junit\jupiter\junit-jupiter-engine\5.5.2\junit-jupiter-engine-5.5.2.jar;C:\SelfLearning\.m2\repository\org\junit\vintage\junit-vintage-engine\5.5.2\junit-vintage-engine-5.5.2.jar;C:\SelfLearning\.m2\repository\org\apiguardian\apiguardian-api\1.1.0\apiguardian-api-1.1.0.jar;C:\SelfLearning\.m2\repository\org\junit\platform\junit-platform-engine\1.5.2\junit-platform-engine-1.5.2.jar;C:\SelfLearning\.m2\repository\junit\junit\4.12\junit-4.12.jar;C:\SelfLearning\.m2\repository\org\mockito\mockito-junit-jupiter\3.1.0\mockito-junit-jupiter-3.1.0.jar;C:\SelfLearning\.m2\repository\org\assertj\assertj-core\3.13.2\assertj-core-3.13.2.jar;C:\SelfLearning\.m2\repository\org\hamcrest\hamcrest\2.1\hamcrest-2.1.jar;C:\SelfLearning\.m2\repository\org\mockito\mockito-core\3.1.0\mockito-core-3.1.0.jar;C:\SelfLearning\.m2\repository\net\bytebuddy\byte-buddy-agent\1.10.14\byte-buddy-agent-1.10.14.jar;C:\SelfLearning\.m2\repository\org\objenesis\objenesis\2.6\objenesis-2.6.jar;C:\SelfLearning\.m2\repository\org\skyscreamer\jsonassert\1.5.0\jsonassert-1.5.0.jar;C:\SelfLearning\.m2\repository\com\vaadin\external\google\android-json\0.0.20131108.vaadin1\android-json-0.0.20131108.vaadin1.jar;C:\SelfLearning\.m2\repository\org\springframework\spring-core\5.2.9.RELEASE\spring-core-5.2.9.RELEASE.jar;C:\SelfLearning\.m2\repository\org\springframework\spring-jcl\5.2.9.RELEASE\spring-jcl-5.2.9.RELEASE.jar;C:\SelfLearning\.m2\repository\org\springframework\spring-test\5.2.9.RELEASE\spring-test-5.2.9.RELEASE.jar;C:\SelfLearning\.m2\repository\org\xmlunit\xmlunit-core\2.6.4\xmlunit-core-2.6.4.jar;C:\SelfLearning\.m2\repository\org\springframework\cloud\spring-cloud-starter-netflix-eureka-client\2.1.3.RELEASE\spring-cloud-starter-netflix-eureka-client-2.1.3.RELEASE.jar;C:\SelfLearning\.m2\repository\org\springframework\cloud\spring-cloud-netflix-eureka-client\2.1.3.RELEASE\spring-cloud-netflix-eureka-client-2.1.3.RELEASE.jar;C:\SelfLearning\.m2\repository\com\netflix\eureka\eureka-client\1.9.13\eureka-client-1.9.13.jar;C:\SelfLearning\.m2\repository\org\codehaus\jettison\jettison\1.3.7\jettison-1.3.7.jar;C:\SelfLearning\.m2\repository\stax\stax-api\1.0.1\stax-api-1.0.1.jar;C:\SelfLearning\.m2\repository\com\netflix\netflix-commons\netflix-eventbus\0.3.0\netflix-eventbus-0.3.0.jar;C:\SelfLearning\.m2\repository\com\netflix\netflix-commons\netflix-infix\0.3.0\netflix-infix-0.3.0.jar;C:\SelfLearning\.m2\repository\commons-jxpath\commons-jxpath\1.3\commons-jxpath-1.3.jar;C:\SelfLearning\.m2\repository\joda-time\joda-time\2.10.6\joda-time-2.10.6.jar;C:\SelfLearning\.m2\repository\org\antlr\antlr-runtime\3.4\antlr-runtime-3.4.jar;C:\SelfLearning\.m2\repository\org\antlr\stringtemplate\3.2.1\stringtemplate-3.2.1.jar;C:\SelfLearning\.m2\repository\com\google\code\gson\gson\2.8.6\gson-2.8.6.jar;C:\SelfLearning\.m2\repository\org\apache\commons\commons-math\2.2\commons-math-2.2.jar;C:\SelfLearning\.m2\repository\javax\ws\rs\jsr311-api\1.1.1\jsr311-api-1.1.1.jar;C:\SelfLearning\.m2\repository\com\sun\jersey\jersey-core\1.19.1\jersey-core-1.19.1.jar;C:\SelfLearning\.m2\repository\com\google\inject\guice\4.1.0\guice-4.1.0.jar;C:\SelfLearning\.m2\repository\aopalliance\aopalliance\1.0\aopalliance-1.0.jar;C:\SelfLearning\.m2\repository\com\netflix\eureka\eureka-core\1.9.13\eureka-core-1.9.13.jar;C:\SelfLearning\.m2\repository\com\fasterxml\woodstox\woodstox-core\5.2.1\woodstox-core-5.2.1.jar;C:\SelfLearning\.m2\repository\org\codehaus\woodstox\stax2-api\4.2\stax2-api-4.2.jar;C:\SelfLearning\.m2\repository\com\netflix\ribbon\ribbon-eureka\2.3.0\ribbon-eureka-2.3.0.jar;C:\SelfLearning\.m2\repository\com\thoughtworks\xstream\xstream\1.4.11.1\xstream-1.4.11.1.jar;C:\SelfLearning\.m2\repository\xmlpull\xmlpull\1.1.3.1\xmlpull-1.1.3.1.jar;C:\SelfLearning\.m2\repository\xpp3\xpp3_min\1.1.4c\xpp3_min-1.1.4c.jar;C:\SelfLearning\.m2\repository\org\springframework\boot\spring-boot-starter\2.2.10.RELEASE\spring-boot-starter-2.2.10.RELEASE.jar;C:\SelfLearning\.m2\repository\org\springframework\boot\spring-boot-starter-logging\2.2.10.RELEASE\spring-boot-starter-logging-2.2.10.RELEASE.jar;C:\SelfLearning\.m2\repository\ch\qos\logback\logback-classic\1.2.3\logback-classic-1.2.3.jar;C:\SelfLearning\.m2\repository\ch\qos\logback\logback-core\1.2.3\logback-core-1.2.3.jar;C:\SelfLearning\.m2\repository\org\apache\logging\log4j\log4j-to-slf4j\2.12.1\log4j-to-slf4j-2.12.1.jar;C:\SelfLearning\.m2\repository\org\apache\logging\log4j\log4j-api\2.12.1\log4j-api-2.12.1.jar;C:\SelfLearning\.m2\repository\org\slf4j\jul-to-slf4j\1.7.30\jul-to-slf4j-1.7.30.jar;C:\SelfLearning\.m2\repository\jakarta\annotation\jakarta.annotation-api\1.3.5\jakarta.annotation-api-1.3.5.jar;C:\SelfLearning\.m2\repository\org\yaml\snakeyaml\1.25\snakeyaml-1.25.jar;C:\SelfLearning\.m2\repository\org\springframework\kafka\spring-kafka\2.3.11.RELEASE\spring-kafka-2.3.11.RELEASE.jar;C:\SelfLearning\.m2\repository\org\apache\kafka\kafka-clients\2.3.1\kafka-clients-2.3.1.jar;C:\SelfLearning\.m2\repository\com\github\luben\zstd-jni\1.4.0-1\zstd-jni-1.4.0-1.jar;C:\SelfLearning\.m2\repository\org\lz4\lz4-java\1.6.0\lz4-java-1.6.0.jar;C:\SelfLearning\.m2\repository\org\xerial\snappy\snappy-java\1.1.7.3\snappy-java-1.1.7.3.jar;C:\SelfLearning\.m2\repository\org\springframework\retry\spring-retry\1.2.5.RELEASE\spring-retry-1.2.5.RELEASE.jar;C:\SelfLearning\.m2\repository\org\springframework\spring-context\5.2.9.RELEASE\spring-context-5.2.9.RELEASE.jar;C:\SelfLearning\.m2\repository\org\springframework\spring-messaging\5.2.9.RELEASE\spring-messaging-5.2.9.RELEASE.jar;C:\SelfLearning\.m2\repository\org\springframework\spring-tx\5.2.9.RELEASE\spring-tx-5.2.9.RELEASE.jar;C:\SelfLearning\.m2\repository\org\springframework\kafka\spring-kafka-test\2.3.11.RELEASE\spring-kafka-test-2.3.11.RELEASE.jar;C:\SelfLearning\.m2\repository\org\apache\kafka\kafka-clients\2.3.1\kafka-clients-2.3.1-test.jar;C:\SelfLearning\.m2\repository\org\apache\kafka\kafka-streams\2.3.1\kafka-streams-2.3.1.jar;C:\SelfLearning\.m2\repository\org\apache\kafka\connect-json\2.3.1\connect-json-2.3.1.jar;C:\SelfLearning\.m2\repository\org\apache\kafka\connect-api\2.3.1\connect-api-2.3.1.jar;C:\SelfLearning\.m2\repository\org\rocksdb\rocksdbjni\5.18.3\rocksdbjni-5.18.3.jar;C:\SelfLearning\.m2\repository\org\apache\kafka\kafka-streams-test-utils\2.3.1\kafka-streams-test-utils-2.3.1.jar;C:\SelfLearning\.m2\repository\org\apache\kafka\kafka_2.12\2.3.1\kafka_2.12-2.3.1.jar;C:\SelfLearning\.m2\repository\com\fasterxml\jackson\module\jackson-module-scala_2.12\2.10.5\jackson-module-scala_2.12-2.10.5.jar;C:\SelfLearning\.m2\repository\com\fasterxml\jackson\module\jackson-module-paranamer\2.10.5\jackson-module-paranamer-2.10.5.jar;C:\SelfLearning\.m2\repository\com\thoughtworks\paranamer\paranamer\2.8\paranamer-2.8.jar;C:\SelfLearning\.m2\repository\com\fasterxml\jackson\dataformat\jackson-dataformat-csv\2.10.5\jackson-dataformat-csv-2.10.5.jar;C:\SelfLearning\.m2\repository\net\sf\jopt-simple\jopt-simple\5.0.4\jopt-simple-5.0.4.jar;C:\SelfLearning\.m2\repository\com\yammer\metrics\metrics-core\2.2.0\metrics-core-2.2.0.jar;C:\SelfLearning\.m2\repository\org\scala-lang\scala-library\2.12.8\scala-library-2.12.8.jar;C:\SelfLearning\.m2\repository\org\scala-lang\scala-reflect\2.12.8\scala-reflect-2.12.8.jar;C:\SelfLearning\.m2\repository\com\typesafe\scala-logging\scala-logging_2.12\3.9.0\scala-logging_2.12-3.9.0.jar;C:\SelfLearning\.m2\repository\com\101tec\zkclient\0.11\zkclient-0.11.jar;C:\SelfLearning\.m2\repository\org\apache\zookeeper\zookeeper\3.4.14\zookeeper-3.4.14.jar;C:\SelfLearning\.m2\repository\com\github\spotbugs\spotbugs-annotations\3.1.9\spotbugs-annotations-3.1.9.jar;C:\SelfLearning\.m2\repository\org\apache\yetus\audience-annotations\0.5.0\audience-annotations-0.5.0.jar;C:\SelfLearning\.m2\repository\org\apache\kafka\kafka_2.12\2.3.1\kafka_2.12-2.3.1-test.jar;C:\SelfLearning\.m2\repository\org\junit\jupiter\junit-jupiter-api\5.5.2\junit-jupiter-api-5.5.2.jar;C:\SelfLearning\.m2\repository\org\opentest4j\opentest4j\1.2.0\opentest4j-1.2.0.jar;C:\SelfLearning\.m2\repository\org\junit\platform\junit-platform-commons\1.5.2\junit-platform-commons-1.5.2.jar;C:\SelfLearning\.m2\repository\org\springframework\cloud\spring-cloud-starter-config\2.1.4.RELEASE\spring-cloud-starter-config-2.1.4.RELEASE.jar;C:\SelfLearning\.m2\repository\org\springframework\cloud\spring-cloud-config-client\2.1.4.RELEASE\spring-cloud-config-client-2.1.4.RELEASE.jar;C:\SelfLearning\.m2\repository\com\fasterxml\jackson\core\jackson-databind\2.10.5\jackson-databind-2.10.5.jar;C:\SelfLearning\.m2\repository\org\springframework\cloud\spring-cloud-starter-openfeign\2.1.3.RELEASE\spring-cloud-starter-openfeign-2.1.3.RELEASE.jar;C:\SelfLearning\.m2\repository\org\springframework\cloud\spring-cloud-openfeign-core\2.1.3.RELEASE\spring-cloud-openfeign-core-2.1.3.RELEASE.jar;C:\SelfLearning\.m2\repository\io\github\openfeign\form\feign-form-spring\3.8.0\feign-form-spring-3.8.0.jar;C:\SelfLearning\.m2\repository\io\github\openfeign\form\feign-form\3.8.0\feign-form-3.8.0.jar;C:\SelfLearning\.m2\repository\commons-fileupload\commons-fileupload\1.4\commons-fileupload-1.4.jar;C:\SelfLearning\.m2\repository\commons-io\commons-io\2.2\commons-io-2.2.jar;C:\SelfLearning\.m2\repository\org\springframework\cloud\spring-cloud-commons\2.1.3.RELEASE\spring-cloud-commons-2.1.3.RELEASE.jar;C:\SelfLearning\.m2\repository\org\springframework\security\spring-security-crypto\5.2.6.RELEASE\spring-security-crypto-5.2.6.RELEASE.jar;C:\SelfLearning\.m2\repository\io\github\openfeign\feign-core\10.2.3\feign-core-10.2.3.jar;C:\SelfLearning\.m2\repository\io\github\openfeign\feign-slf4j\10.2.3\feign-slf4j-10.2.3.jar;C:\SelfLearning\.m2\repository\io\github\openfeign\feign-hystrix\10.2.3\feign-hystrix-10.2.3.jar;C:\SelfLearning\.m2\repository\org\springframework\boot\spring-boot-starter-validation\2.2.10.RELEASE\spring-boot-starter-validation-2.2.10.RELEASE.jar;C:\SelfLearning\.m2\repository\jakarta\validation\jakarta.validation-api\2.0.2\jakarta.validation-api-2.0.2.jar;C:\SelfLearning\.m2\repository\org\apache\tomcat\embed\tomcat-embed-el\9.0.38\tomcat-embed-el-9.0.38.jar;C:\SelfLearning\.m2\repository\org\hibernate\validator\hibernate-validator\6.0.20.Final\hibernate-validator-6.0.20.Final.jar;"/>
    <property name="java.vm.vendor" value="Oracle Corporation"/>
    <property name="sun.arch.data.model" value="64"/>
    <property name="user.variant" value=""/>
    <property name="java.vendor.url" value="http://java.oracle.com/"/>
    <property name="user.timezone" value="Asia/Calcutta"/>
    <property name="java.vm.specification.version" value="1.8"/>
    <property name="os.name" value="Windows 11"/>
    <property name="user.country" value="US"/>
    <property name="sun.java.launcher" value="SUN_STANDARD"/>
    <property name="sun.boot.library.path" value="C:\Program Files\Java\jdk1.8.0_333\jre\bin"/>
    <property name="sun.java.command" value="C:\Users\2088463\AppData\Local\Temp\surefire7058761448900494780\surefirebooter2668664042946534610.jar C:\Users\2088463\AppData\Local\Temp\surefire7058761448900494780 2022-11-29T09-58-12_992-jvmRun1 surefire971931914801956426tmp surefire_028001867742784071tmp"/>
    <property name="surefire.test.class.path" value="C:\SelfLearning\github\SalesOrderService\target\test-classes;C:\SelfLearning\github\SalesOrderService\target\classes;C:\SelfLearning\.m2\repository\org\springframework\boot\spring-boot-starter-data-jpa\2.2.10.RELEASE\spring-boot-starter-data-jpa-2.2.10.RELEASE.jar;C:\SelfLearning\.m2\repository\org\springframework\boot\spring-boot-starter-aop\2.2.10.RELEASE\spring-boot-starter-aop-2.2.10.RELEASE.jar;C:\SelfLearning\.m2\repository\org\springframework\spring-aop\5.2.9.RELEASE\spring-aop-5.2.9.RELEASE.jar;C:\SelfLearning\.m2\repository\org\aspectj\aspectjweaver\1.9.6\aspectjweaver-1.9.6.jar;C:\SelfLearning\.m2\repository\org\springframework\boot\spring-boot-starter-jdbc\2.2.10.RELEASE\spring-boot-starter-jdbc-2.2.10.RELEASE.jar;C:\SelfLearning\.m2\repository\com\zaxxer\HikariCP\3.4.5\HikariCP-3.4.5.jar;C:\SelfLearning\.m2\repository\org\springframework\spring-jdbc\5.2.9.RELEASE\spring-jdbc-5.2.9.RELEASE.jar;C:\SelfLearning\.m2\repository\jakarta\persistence\jakarta.persistence-api\2.2.3\jakarta.persistence-api-2.2.3.jar;C:\SelfLearning\.m2\repository\jakarta\transaction\jakarta.transaction-api\1.3.3\jakarta.transaction-api-1.3.3.jar;C:\SelfLearning\.m2\repository\org\hibernate\hibernate-core\5.4.21.Final\hibernate-core-5.4.21.Final.jar;C:\SelfLearning\.m2\repository\org\jboss\logging\jboss-logging\3.4.1.Final\jboss-logging-3.4.1.Final.jar;C:\SelfLearning\.m2\repository\org\javassist\javassist\3.24.0-GA\javassist-3.24.0-GA.jar;C:\SelfLearning\.m2\repository\net\bytebuddy\byte-buddy\1.10.14\byte-buddy-1.10.14.jar;C:\SelfLearning\.m2\repository\antlr\antlr\2.7.7\antlr-2.7.7.jar;C:\SelfLearning\.m2\repository\org\jboss\jandex\2.1.3.Final\jandex-2.1.3.Final.jar;C:\SelfLearning\.m2\repository\com\fasterxml\classmate\1.5.1\classmate-1.5.1.jar;C:\SelfLearning\.m2\repository\org\dom4j\dom4j\2.1.3\dom4j-2.1.3.jar;C:\SelfLearning\.m2\repository\org\hibernate\common\hibernate-commons-annotations\5.1.0.Final\hibernate-commons-annotations-5.1.0.Final.jar;C:\SelfLearning\.m2\repository\org\glassfish\jaxb\jaxb-runtime\2.3.3\jaxb-runtime-2.3.3.jar;C:\SelfLearning\.m2\repository\org\glassfish\jaxb\txw2\2.3.3\txw2-2.3.3.jar;C:\SelfLearning\.m2\repository\com\sun\istack\istack-commons-runtime\3.0.11\istack-commons-runtime-3.0.11.jar;C:\SelfLearning\.m2\repository\com\sun\activation\jakarta.activation\1.2.2\jakarta.activation-1.2.2.jar;C:\SelfLearning\.m2\repository\org\springframework\data\spring-data-jpa\2.2.10.RELEASE\spring-data-jpa-2.2.10.RELEASE.jar;C:\SelfLearning\.m2\repository\org\springframework\data\spring-data-commons\2.2.10.RELEASE\spring-data-commons-2.2.10.RELEASE.jar;C:\SelfLearning\.m2\repository\org\springframework\spring-orm\5.2.9.RELEASE\spring-orm-5.2.9.RELEASE.jar;C:\SelfLearning\.m2\repository\org\springframework\spring-beans\5.2.9.RELEASE\spring-beans-5.2.9.RELEASE.jar;C:\SelfLearning\.m2\repository\org\slf4j\slf4j-api\1.7.30\slf4j-api-1.7.30.jar;C:\SelfLearning\.m2\repository\org\springframework\spring-aspects\5.2.9.RELEASE\spring-aspects-5.2.9.RELEASE.jar;C:\SelfLearning\.m2\repository\org\springframework\boot\spring-boot-starter-web\2.2.10.RELEASE\spring-boot-starter-web-2.2.10.RELEASE.jar;C:\SelfLearning\.m2\repository\org\springframework\boot\spring-boot-starter-json\2.2.10.RELEASE\spring-boot-starter-json-2.2.10.RELEASE.jar;C:\SelfLearning\.m2\repository\com\fasterxml\jackson\datatype\jackson-datatype-jdk8\2.10.5\jackson-datatype-jdk8-2.10.5.jar;C:\SelfLearning\.m2\repository\com\fasterxml\jackson\datatype\jackson-datatype-jsr310\2.10.5\jackson-datatype-jsr310-2.10.5.jar;C:\SelfLearning\.m2\repository\com\fasterxml\jackson\module\jackson-module-parameter-names\2.10.5\jackson-module-parameter-names-2.10.5.jar;C:\SelfLearning\.m2\repository\org\springframework\boot\spring-boot-starter-tomcat\2.2.10.RELEASE\spring-boot-starter-tomcat-2.2.10.RELEASE.jar;C:\SelfLearning\.m2\repository\org\apache\tomcat\embed\tomcat-embed-core\9.0.38\tomcat-embed-core-9.0.38.jar;C:\SelfLearning\.m2\repository\org\apache\tomcat\embed\tomcat-embed-websocket\9.0.38\tomcat-embed-websocket-9.0.38.jar;C:\SelfLearning\.m2\repository\org\springframework\spring-web\5.2.9.RELEASE\spring-web-5.2.9.RELEASE.jar;C:\SelfLearning\.m2\repository\org\springframework\spring-webmvc\5.2.9.RELEASE\spring-webmvc-5.2.9.RELEASE.jar;C:\SelfLearning\.m2\repository\org\springframework\spring-expression\5.2.9.RELEASE\spring-expression-5.2.9.RELEASE.jar;C:\SelfLearning\.m2\repository\org\springframework\cloud\spring-cloud-starter-netflix-hystrix\2.1.3.RELEASE\spring-cloud-starter-netflix-hystrix-2.1.3.RELEASE.jar;C:\SelfLearning\.m2\repository\org\springframework\cloud\spring-cloud-starter\2.1.3.RELEASE\spring-cloud-starter-2.1.3.RELEASE.jar;C:\SelfLearning\.m2\repository\org\springframework\cloud\spring-cloud-context\2.1.3.RELEASE\spring-cloud-context-2.1.3.RELEASE.jar;C:\SelfLearning\.m2\repository\org\springframework\security\spring-security-rsa\1.0.7.RELEASE\spring-security-rsa-1.0.7.RELEASE.jar;C:\SelfLearning\.m2\repository\org\bouncycastle\bcpkix-jdk15on\1.60\bcpkix-jdk15on-1.60.jar;C:\SelfLearning\.m2\repository\org\bouncycastle\bcprov-jdk15on\1.60\bcprov-jdk15on-1.60.jar;C:\SelfLearning\.m2\repository\org\springframework\cloud\spring-cloud-netflix-hystrix\2.1.3.RELEASE\spring-cloud-netflix-hystrix-2.1.3.RELEASE.jar;C:\SelfLearning\.m2\repository\org\springframework\cloud\spring-cloud-netflix-ribbon\2.1.3.RELEASE\spring-cloud-netflix-ribbon-2.1.3.RELEASE.jar;C:\SelfLearning\.m2\repository\org\springframework\cloud\spring-cloud-netflix-archaius\2.1.3.RELEASE\spring-cloud-netflix-archaius-2.1.3.RELEASE.jar;C:\SelfLearning\.m2\repository\org\springframework\cloud\spring-cloud-starter-netflix-archaius\2.1.3.RELEASE\spring-cloud-starter-netflix-archaius-2.1.3.RELEASE.jar;C:\SelfLearning\.m2\repository\com\netflix\archaius\archaius-core\0.7.6\archaius-core-0.7.6.jar;C:\SelfLearning\.m2\repository\com\google\code\findbugs\jsr305\3.0.1\jsr305-3.0.1.jar;C:\SelfLearning\.m2\repository\commons-configuration\commons-configuration\1.8\commons-configuration-1.8.jar;C:\SelfLearning\.m2\repository\com\netflix\hystrix\hystrix-core\1.5.18\hystrix-core-1.5.18.jar;C:\SelfLearning\.m2\repository\org\hdrhistogram\HdrHistogram\2.1.9\HdrHistogram-2.1.9.jar;C:\SelfLearning\.m2\repository\com\netflix\hystrix\hystrix-serialization\1.5.18\hystrix-serialization-1.5.18.jar;C:\SelfLearning\.m2\repository\com\fasterxml\jackson\module\jackson-module-afterburner\2.10.5\jackson-module-afterburner-2.10.5.jar;C:\SelfLearning\.m2\repository\com\fasterxml\jackson\core\jackson-core\2.10.5\jackson-core-2.10.5.jar;C:\SelfLearning\.m2\repository\com\fasterxml\jackson\core\jackson-annotations\2.10.5\jackson-annotations-2.10.5.jar;C:\SelfLearning\.m2\repository\com\netflix\hystrix\hystrix-metrics-event-stream\1.5.18\hystrix-metrics-event-stream-1.5.18.jar;C:\SelfLearning\.m2\repository\com\netflix\hystrix\hystrix-javanica\1.5.18\hystrix-javanica-1.5.18.jar;C:\SelfLearning\.m2\repository\org\apache\commons\commons-lang3\3.9\commons-lang3-3.9.jar;C:\SelfLearning\.m2\repository\org\ow2\asm\asm\5.0.4\asm-5.0.4.jar;C:\SelfLearning\.m2\repository\com\google\guava\guava\15.0\guava-15.0.jar;C:\SelfLearning\.m2\repository\io\reactivex\rxjava-reactive-streams\1.2.1\rxjava-reactive-streams-1.2.1.jar;C:\SelfLearning\.m2\repository\org\reactivestreams\reactive-streams\1.0.3\reactive-streams-1.0.3.jar;C:\SelfLearning\.m2\repository\org\springframework\cloud\spring-cloud-starter-netflix-ribbon\2.1.3.RELEASE\spring-cloud-starter-netflix-ribbon-2.1.3.RELEASE.jar;C:\SelfLearning\.m2\repository\com\netflix\ribbon\ribbon\2.3.0\ribbon-2.3.0.jar;C:\SelfLearning\.m2\repository\com\netflix\ribbon\ribbon-transport\2.3.0\ribbon-transport-2.3.0.jar;C:\SelfLearning\.m2\repository\io\reactivex\rxnetty-contexts\0.4.9\rxnetty-contexts-0.4.9.jar;C:\SelfLearning\.m2\repository\io\reactivex\rxnetty-servo\0.4.9\rxnetty-servo-0.4.9.jar;C:\SelfLearning\.m2\repository\javax\inject\javax.inject\1\javax.inject-1.jar;C:\SelfLearning\.m2\repository\io\reactivex\rxnetty\0.4.9\rxnetty-0.4.9.jar;C:\SelfLearning\.m2\repository\com\netflix\ribbon\ribbon-core\2.3.0\ribbon-core-2.3.0.jar;C:\SelfLearning\.m2\repository\commons-lang\commons-lang\2.6\commons-lang-2.6.jar;C:\SelfLearning\.m2\repository\com\netflix\ribbon\ribbon-httpclient\2.3.0\ribbon-httpclient-2.3.0.jar;C:\SelfLearning\.m2\repository\commons-collections\commons-collections\3.2.2\commons-collections-3.2.2.jar;C:\SelfLearning\.m2\repository\org\apache\httpcomponents\httpclient\4.5.12\httpclient-4.5.12.jar;C:\SelfLearning\.m2\repository\org\apache\httpcomponents\httpcore\4.4.13\httpcore-4.4.13.jar;C:\SelfLearning\.m2\repository\commons-codec\commons-codec\1.13\commons-codec-1.13.jar;C:\SelfLearning\.m2\repository\com\sun\jersey\jersey-client\1.19.1\jersey-client-1.19.1.jar;C:\SelfLearning\.m2\repository\com\sun\jersey\contribs\jersey-apache-client4\1.19.1\jersey-apache-client4-1.19.1.jar;C:\SelfLearning\.m2\repository\com\netflix\servo\servo-core\0.12.21\servo-core-0.12.21.jar;C:\SelfLearning\.m2\repository\com\netflix\netflix-commons\netflix-commons-util\0.3.0\netflix-commons-util-0.3.0.jar;C:\SelfLearning\.m2\repository\com\netflix\ribbon\ribbon-loadbalancer\2.3.0\ribbon-loadbalancer-2.3.0.jar;C:\SelfLearning\.m2\repository\com\netflix\netflix-commons\netflix-statistics\0.1.1\netflix-statistics-0.1.1.jar;C:\SelfLearning\.m2\repository\io\reactivex\rxjava\1.3.8\rxjava-1.3.8.jar;C:\SelfLearning\.m2\repository\org\springframework\boot\spring-boot-devtools\2.2.10.RELEASE\spring-boot-devtools-2.2.10.RELEASE.jar;C:\SelfLearning\.m2\repository\org\springframework\boot\spring-boot\2.2.10.RELEASE\spring-boot-2.2.10.RELEASE.jar;C:\SelfLearning\.m2\repository\org\springframework\boot\spring-boot-autoconfigure\2.2.10.RELEASE\spring-boot-autoconfigure-2.2.10.RELEASE.jar;C:\SelfLearning\.m2\repository\com\h2database\h2\1.4.200\h2-1.4.200.jar;C:\SelfLearning\.m2\repository\org\projectlombok\lombok\1.18.12\lombok-1.18.12.jar;C:\SelfLearning\.m2\repository\org\springframework\boot\spring-boot-starter-test\2.2.10.RELEASE\spring-boot-starter-test-2.2.10.RELEASE.jar;C:\SelfLearning\.m2\repository\org\springframework\boot\spring-boot-test\2.2.10.RELEASE\spring-boot-test-2.2.10.RELEASE.jar;C:\SelfLearning\.m2\repository\org\springframework\boot\spring-boot-test-autoconfigure\2.2.10.RELEASE\spring-boot-test-autoconfigure-2.2.10.RELEASE.jar;C:\SelfLearning\.m2\repository\com\jayway\jsonpath\json-path\2.4.0\json-path-2.4.0.jar;C:\SelfLearning\.m2\repository\net\minidev\json-smart\2.3\json-smart-2.3.jar;C:\SelfLearning\.m2\repository\net\minidev\accessors-smart\1.2\accessors-smart-1.2.jar;C:\SelfLearning\.m2\repository\jakarta\xml\bind\jakarta.xml.bind-api\2.3.3\jakarta.xml.bind-api-2.3.3.jar;C:\SelfLearning\.m2\repository\jakarta\activation\jakarta.activation-api\1.2.2\jakarta.activation-api-1.2.2.jar;C:\SelfLearning\.m2\repository\org\junit\jupiter\junit-jupiter\5.5.2\junit-jupiter-5.5.2.jar;C:\SelfLearning\.m2\repository\org\junit\jupiter\junit-jupiter-params\5.5.2\junit-jupiter-params-5.5.2.jar;C:\SelfLearning\.m2\repository\org\junit\jupiter\junit-jupiter-engine\5.5.2\junit-jupiter-engine-5.5.2.jar;C:\SelfLearning\.m2\repository\org\junit\vintage\junit-vintage-engine\5.5.2\junit-vintage-engine-5.5.2.jar;C:\SelfLearning\.m2\repository\org\apiguardian\apiguardian-api\1.1.0\apiguardian-api-1.1.0.jar;C:\SelfLearning\.m2\repository\org\junit\platform\junit-platform-engine\1.5.2\junit-platform-engine-1.5.2.jar;C:\SelfLearning\.m2\repository\junit\junit\4.12\junit-4.12.jar;C:\SelfLearning\.m2\repository\org\mockito\mockito-junit-jupiter\3.1.0\mockito-junit-jupiter-3.1.0.jar;C:\SelfLearning\.m2\repository\org\assertj\assertj-core\3.13.2\assertj-core-3.13.2.jar;C:\SelfLearning\.m2\repository\org\hamcrest\hamcrest\2.1\hamcrest-2.1.jar;C:\SelfLearning\.m2\repository\org\mockito\mockito-core\3.1.0\mockito-core-3.1.0.jar;C:\SelfLearning\.m2\repository\net\bytebuddy\byte-buddy-agent\1.10.14\byte-buddy-agent-1.10.14.jar;C:\SelfLearning\.m2\repository\org\objenesis\objenesis\2.6\objenesis-2.6.jar;C:\SelfLearning\.m2\repository\org\skyscreamer\jsonassert\1.5.0\jsonassert-1.5.0.jar;C:\SelfLearning\.m2\repository\com\vaadin\external\google\android-json\0.0.20131108.vaadin1\android-json-0.0.20131108.vaadin1.jar;C:\SelfLearning\.m2\repository\org\springframework\spring-core\5.2.9.RELEASE\spring-core-5.2.9.RELEASE.jar;C:\SelfLearning\.m2\repository\org\springframework\spring-jcl\5.2.9.RELEASE\spring-jcl-5.2.9.RELEASE.jar;C:\SelfLearning\.m2\repository\org\springframework\spring-test\5.2.9.RELEASE\spring-test-5.2.9.RELEASE.jar;C:\SelfLearning\.m2\repository\org\xmlunit\xmlunit-core\2.6.4\xmlunit-core-2.6.4.jar;C:\SelfLearning\.m2\repository\org\springframework\cloud\spring-cloud-starter-netflix-eureka-client\2.1.3.RELEASE\spring-cloud-starter-netflix-eureka-client-2.1.3.RELEASE.jar;C:\SelfLearning\.m2\repository\org\springframework\cloud\spring-cloud-netflix-eureka-client\2.1.3.RELEASE\spring-cloud-netflix-eureka-client-2.1.3.RELEASE.jar;C:\SelfLearning\.m2\repository\com\netflix\eureka\eureka-client\1.9.13\eureka-client-1.9.13.jar;C:\SelfLearning\.m2\repository\org\codehaus\jettison\jettison\1.3.7\jettison-1.3.7.jar;C:\SelfLearning\.m2\repository\stax\stax-api\1.0.1\stax-api-1.0.1.jar;C:\SelfLearning\.m2\repository\com\netflix\netflix-commons\netflix-eventbus\0.3.0\netflix-eventbus-0.3.0.jar;C:\SelfLearning\.m2\repository\com\netflix\netflix-commons\netflix-infix\0.3.0\netflix-infix-0.3.0.jar;C:\SelfLearning\.m2\repository\commons-jxpath\commons-jxpath\1.3\commons-jxpath-1.3.jar;C:\SelfLearning\.m2\repository\joda-time\joda-time\2.10.6\joda-time-2.10.6.jar;C:\SelfLearning\.m2\repository\org\antlr\antlr-runtime\3.4\antlr-runtime-3.4.jar;C:\SelfLearning\.m2\repository\org\antlr\stringtemplate\3.2.1\stringtemplate-3.2.1.jar;C:\SelfLearning\.m2\repository\com\google\code\gson\gson\2.8.6\gson-2.8.6.jar;C:\SelfLearning\.m2\repository\org\apache\commons\commons-math\2.2\commons-math-2.2.jar;C:\SelfLearning\.m2\repository\javax\ws\rs\jsr311-api\1.1.1\jsr311-api-1.1.1.jar;C:\SelfLearning\.m2\repository\com\sun\jersey\jersey-core\1.19.1\jersey-core-1.19.1.jar;C:\SelfLearning\.m2\repository\com\google\inject\guice\4.1.0\guice-4.1.0.jar;C:\SelfLearning\.m2\repository\aopalliance\aopalliance\1.0\aopalliance-1.0.jar;C:\SelfLearning\.m2\repository\com\netflix\eureka\eureka-core\1.9.13\eureka-core-1.9.13.jar;C:\SelfLearning\.m2\repository\com\fasterxml\woodstox\woodstox-core\5.2.1\woodstox-core-5.2.1.jar;C:\SelfLearning\.m2\repository\org\codehaus\woodstox\stax2-api\4.2\stax2-api-4.2.jar;C:\SelfLearning\.m2\repository\com\netflix\ribbon\ribbon-eureka\2.3.0\ribbon-eureka-2.3.0.jar;C:\SelfLearning\.m2\repository\com\thoughtworks\xstream\xstream\1.4.11.1\xstream-1.4.11.1.jar;C:\SelfLearning\.m2\repository\xmlpull\xmlpull\1.1.3.1\xmlpull-1.1.3.1.jar;C:\SelfLearning\.m2\repository\xpp3\xpp3_min\1.1.4c\xpp3_min-1.1.4c.jar;C:\SelfLearning\.m2\repository\org\springframework\boot\spring-boot-starter\2.2.10.RELEASE\spring-boot-starter-2.2.10.RELEASE.jar;C:\SelfLearning\.m2\repository\org\springframework\boot\spring-boot-starter-logging\2.2.10.RELEASE\spring-boot-starter-logging-2.2.10.RELEASE.jar;C:\SelfLearning\.m2\repository\ch\qos\logback\logback-classic\1.2.3\logback-classic-1.2.3.jar;C:\SelfLearning\.m2\repository\ch\qos\logback\logback-core\1.2.3\logback-core-1.2.3.jar;C:\SelfLearning\.m2\repository\org\apache\logging\log4j\log4j-to-slf4j\2.12.1\log4j-to-slf4j-2.12.1.jar;C:\SelfLearning\.m2\repository\org\apache\logging\log4j\log4j-api\2.12.1\log4j-api-2.12.1.jar;C:\SelfLearning\.m2\repository\org\slf4j\jul-to-slf4j\1.7.30\jul-to-slf4j-1.7.30.jar;C:\SelfLearning\.m2\repository\jakarta\annotation\jakarta.annotation-api\1.3.5\jakarta.annotation-api-1.3.5.jar;C:\SelfLearning\.m2\repository\org\yaml\snakeyaml\1.25\snakeyaml-1.25.jar;C:\SelfLearning\.m2\repository\org\springframework\kafka\spring-kafka\2.3.11.RELEASE\spring-kafka-2.3.11.RELEASE.jar;C:\SelfLearning\.m2\repository\org\apache\kafka\kafka-clients\2.3.1\kafka-clients-2.3.1.jar;C:\SelfLearning\.m2\repository\com\github\luben\zstd-jni\1.4.0-1\zstd-jni-1.4.0-1.jar;C:\SelfLearning\.m2\repository\org\lz4\lz4-java\1.6.0\lz4-java-1.6.0.jar;C:\SelfLearning\.m2\repository\org\xerial\snappy\snappy-java\1.1.7.3\snappy-java-1.1.7.3.jar;C:\SelfLearning\.m2\repository\org\springframework\retry\spring-retry\1.2.5.RELEASE\spring-retry-1.2.5.RELEASE.jar;C:\SelfLearning\.m2\repository\org\springframework\spring-context\5.2.9.RELEASE\spring-context-5.2.9.RELEASE.jar;C:\SelfLearning\.m2\repository\org\springframework\spring-messaging\5.2.9.RELEASE\spring-messaging-5.2.9.RELEASE.jar;C:\SelfLearning\.m2\repository\org\springframework\spring-tx\5.2.9.RELEASE\spring-tx-5.2.9.RELEASE.jar;C:\SelfLearning\.m2\repository\org\springframework\kafka\spring-kafka-test\2.3.11.RELEASE\spring-kafka-test-2.3.11.RELEASE.jar;C:\SelfLearning\.m2\repository\org\apache\kafka\kafka-clients\2.3.1\kafka-clients-2.3.1-test.jar;C:\SelfLearning\.m2\repository\org\apache\kafka\kafka-streams\2.3.1\kafka-streams-2.3.1.jar;C:\SelfLearning\.m2\repository\org\apache\kafka\connect-json\2.3.1\connect-json-2.3.1.jar;C:\SelfLearning\.m2\repository\org\apache\kafka\connect-api\2.3.1\connect-api-2.3.1.jar;C:\SelfLearning\.m2\repository\org\rocksdb\rocksdbjni\5.18.3\rocksdbjni-5.18.3.jar;C:\SelfLearning\.m2\repository\org\apache\kafka\kafka-streams-test-utils\2.3.1\kafka-streams-test-utils-2.3.1.jar;C:\SelfLearning\.m2\repository\org\apache\kafka\kafka_2.12\2.3.1\kafka_2.12-2.3.1.jar;C:\SelfLearning\.m2\repository\com\fasterxml\jackson\module\jackson-module-scala_2.12\2.10.5\jackson-module-scala_2.12-2.10.5.jar;C:\SelfLearning\.m2\repository\com\fasterxml\jackson\module\jackson-module-paranamer\2.10.5\jackson-module-paranamer-2.10.5.jar;C:\SelfLearning\.m2\repository\com\thoughtworks\paranamer\paranamer\2.8\paranamer-2.8.jar;C:\SelfLearning\.m2\repository\com\fasterxml\jackson\dataformat\jackson-dataformat-csv\2.10.5\jackson-dataformat-csv-2.10.5.jar;C:\SelfLearning\.m2\repository\net\sf\jopt-simple\jopt-simple\5.0.4\jopt-simple-5.0.4.jar;C:\SelfLearning\.m2\repository\com\yammer\metrics\metrics-core\2.2.0\metrics-core-2.2.0.jar;C:\SelfLearning\.m2\repository\org\scala-lang\scala-library\2.12.8\scala-library-2.12.8.jar;C:\SelfLearning\.m2\repository\org\scala-lang\scala-reflect\2.12.8\scala-reflect-2.12.8.jar;C:\SelfLearning\.m2\repository\com\typesafe\scala-logging\scala-logging_2.12\3.9.0\scala-logging_2.12-3.9.0.jar;C:\SelfLearning\.m2\repository\com\101tec\zkclient\0.11\zkclient-0.11.jar;C:\SelfLearning\.m2\repository\org\apache\zookeeper\zookeeper\3.4.14\zookeeper-3.4.14.jar;C:\SelfLearning\.m2\repository\com\github\spotbugs\spotbugs-annotations\3.1.9\spotbugs-annotations-3.1.9.jar;C:\SelfLearning\.m2\repository\org\apache\yetus\audience-annotations\0.5.0\audience-annotations-0.5.0.jar;C:\SelfLearning\.m2\repository\org\apache\kafka\kafka_2.12\2.3.1\kafka_2.12-2.3.1-test.jar;C:\SelfLearning\.m2\repository\org\junit\jupiter\junit-jupiter-api\5.5.2\junit-jupiter-api-5.5.2.jar;C:\SelfLearning\.m2\repository\org\opentest4j\opentest4j\1.2.0\opentest4j-1.2.0.jar;C:\SelfLearning\.m2\repository\org\junit\platform\junit-platform-commons\1.5.2\junit-platform-commons-1.5.2.jar;C:\SelfLearning\.m2\repository\org\springframework\cloud\spring-cloud-starter-config\2.1.4.RELEASE\spring-cloud-starter-config-2.1.4.RELEASE.jar;C:\SelfLearning\.m2\repository\org\springframework\cloud\spring-cloud-config-client\2.1.4.RELEASE\spring-cloud-config-client-2.1.4.RELEASE.jar;C:\SelfLearning\.m2\repository\com\fasterxml\jackson\core\jackson-databind\2.10.5\jackson-databind-2.10.5.jar;C:\SelfLearning\.m2\repository\org\springframework\cloud\spring-cloud-starter-openfeign\2.1.3.RELEASE\spring-cloud-starter-openfeign-2.1.3.RELEASE.jar;C:\SelfLearning\.m2\repository\org\springframework\cloud\spring-cloud-openfeign-core\2.1.3.RELEASE\spring-cloud-openfeign-core-2.1.3.RELEASE.jar;C:\SelfLearning\.m2\repository\io\github\openfeign\form\feign-form-spring\3.8.0\feign-form-spring-3.8.0.jar;C:\SelfLearning\.m2\repository\io\github\openfeign\form\feign-form\3.8.0\feign-form-3.8.0.jar;C:\SelfLearning\.m2\repository\commons-fileupload\commons-fileupload\1.4\commons-fileupload-1.4.jar;C:\SelfLearning\.m2\repository\commons-io\commons-io\2.2\commons-io-2.2.jar;C:\SelfLearning\.m2\repository\org\springframework\cloud\spring-cloud-commons\2.1.3.RELEASE\spring-cloud-commons-2.1.3.RELEASE.jar;C:\SelfLearning\.m2\repository\org\springframework\security\spring-security-crypto\5.2.6.RELEASE\spring-security-crypto-5.2.6.RELEASE.jar;C:\SelfLearning\.m2\repository\io\github\openfeign\feign-core\10.2.3\feign-core-10.2.3.jar;C:\SelfLearning\.m2\repository\io\github\openfeign\feign-slf4j\10.2.3\feign-slf4j-10.2.3.jar;C:\SelfLearning\.m2\repository\io\github\openfeign\feign-hystrix\10.2.3\feign-hystrix-10.2.3.jar;C:\SelfLearning\.m2\repository\org\springframework\boot\spring-boot-starter-validation\2.2.10.RELEASE\spring-boot-starter-validation-2.2.10.RELEASE.jar;C:\SelfLearning\.m2\repository\jakarta\validation\jakarta.validation-api\2.0.2\jakarta.validation-api-2.0.2.jar;C:\SelfLearning\.m2\repository\org\apache\tomcat\embed\tomcat-embed-el\9.0.38\tomcat-embed-el-9.0.38.jar;C:\SelfLearning\.m2\repository\org\hibernate\validator\hibernate-validator\6.0.20.Final\hibernate-validator-6.0.20.Final.jar;"/>
    <property name="sun.cpu.endian" value="little"/>
    <property name="user.home" value="C:\Users\2088463"/>
    <property name="user.language" value="en"/>
    <property name="java.specification.vendor" value="Oracle Corporation"/>
    <property name="java.home" value="C:\Program Files\Java\jdk1.8.0_333\jre"/>
    <property name="basedir" value="C:\SelfLearning\github\SalesOrderService"/>
    <property name="file.separator" value="\"/>
    <property name="line.separator" value="&#10;"/>
    <property name="java.vm.specification.vendor" value="Oracle Corporation"/>
    <property name="java.specification.name" value="Java Platform API Specification"/>
    <property name="java.awt.graphicsenv" value="sun.awt.Win32GraphicsEnvironment"/>
    <property name="surefire.real.class.path" value="C:\Users\2088463\AppData\Local\Temp\surefire7058761448900494780\surefirebooter2668664042946534610.jar"/>
    <property name="sun.boot.class.path" value="C:\Program Files\Java\jdk1.8.0_333\jre\lib\resources.jar;C:\Program Files\Java\jdk1.8.0_333\jre\lib\rt.jar;C:\Program Files\Java\jdk1.8.0_333\jre\lib\sunrsasign.jar;C:\Program Files\Java\jdk1.8.0_333\jre\lib\jsse.jar;C:\Program Files\Java\jdk1.8.0_333\jre\lib\jce.jar;C:\Program Files\Java\jdk1.8.0_333\jre\lib\charsets.jar;C:\Program Files\Java\jdk1.8.0_333\jre\lib\jfr.jar;C:\Program Files\Java\jdk1.8.0_333\jre\classes"/>
    <property name="user.script" value=""/>
    <property name="sun.management.compiler" value="HotSpot 64-Bit Tiered Compilers"/>
    <property name="java.runtime.version" value="1.8.0_333-b02"/>
    <property name="user.name" value="2088463"/>
    <property name="path.separator" value=";"/>
    <property name="os.version" value="10.0"/>
    <property name="java.endorsed.dirs" value="C:\Program Files\Java\jdk1.8.0_333\jre\lib\endorsed"/>
    <property name="java.runtime.name" value="Java(TM) SE Runtime Environment"/>
    <property name="file.encoding" value="Cp1252"/>
    <property name="java.vm.name" value="Java HotSpot(TM) 64-Bit Server VM"/>
    <property name="localRepository" value="C:\SelfLearning\.m2\repository"/>
    <property name="java.vendor.url.bug" value="http://bugreport.sun.com/bugreport/"/>
    <property name="java.io.tmpdir" value="C:\Users\2088463\AppData\Local\Temp\"/>
    <property name="java.version" value="1.8.0_333"/>
    <property name="user.dir" value="C:\SelfLearning\github\SalesOrderService"/>
    <property name="os.arch" value="amd64"/>
    <property name="java.vm.specification.name" value="Java Virtual Machine Specification"/>
    <property name="java.awt.printerjob" value="sun.awt.windows.WPrinterJob"/>
    <property name="sun.os.patch.level" value=""/>
    <property name="java.library.path" value="C:\Program Files\Java\jdk1.8.0_333\jre\bin;C:\WINDOWS\Sun\Java\bin;C:\WINDOWS\system32;C:\WINDOWS;C:\Program Files\Python37\Scripts\;C:\Program Files\Python37\;C:\Program Files (x86)\Common Files\Oracle\Java\javapath;C:\Program Files (x86)\RSA SecurID Token Common;C:\Program Files\RSA SecurID Token Common;C:\Program Files (x86)\Common Files\Quest Shared\instantclient-basic-nt-11.2.0.4.0;C:\Windows\system32;C:\Windows;C:\Windows\System32\Wbem;C:\Windows\System32\WindowsPowerShell\v1.0\;C:\Windows\System32\OpenSSH\;C:\Program Files\nodejs\;C:\Program Files\Microsoft VS Code\bin;C:\Users\Vnameit\AppData\Local\Microsoft\WindowsApps;C:\Program Files\PuTTY\;C:\Program Files\TortoiseGit\bin;C:\Program Files\Java\jdk1.8.0_333\bin;;%SystemRoot%\system32;%SystemRoot%;%SystemRoot%\System32\Wbem;%SYSTEMROOT%\System32\WindowsPowerShell\v1.0\;%SYSTEMROOT%\System32\OpenSSH\;C:\Users\2088463\AppData\Local\Microsoft\WindowsApps;C:\Users\2088463\AppData\Roaming\npm;C:\Softwares\PortableGit-2.36.1-64-bit.7z\bin;C:\Users\2088463\AppData\Local\Programs\Git\cmd;C:\Softwares\python-3.10.5-embed-amd64;C:\Softwares\apache-maven-3.8.6-bin\apache-maven-3.8.6\bin;."/>
    <property name="java.vm.info" value="mixed mode"/>
    <property name="java.vendor" value="Oracle Corporation"/>
    <property name="java.vm.version" value="25.333-b02"/>
    <property name="java.ext.dirs" value="C:\Program Files\Java\jdk1.8.0_333\jre\lib\ext;C:\WINDOWS\Sun\Java\lib\ext"/>
    <property name="sun.io.unicode.encoding" value="UnicodeLittle"/>
    <property name="java.class.version" value="52.0"/>
  </properties>
  <testcase name="contextLoads" classname="com.salesOrderService.SalesOrderServiceApplicationTests" time="0.016">
    <error message="Failed to load ApplicationContext" type="java.lang.IllegalStateException">java.lang.IllegalStateException: Failed to load ApplicationContext
Caused by: org.springframework.beans.factory.BeanDefinitionStoreException: Invalid bean definition with name 'com.salesOrderService.feign_clients.ItemServiceFeignClient' defined in null: Could not resolve placeholder 'feign.clients.item-service-url' in value "http://${feign.clients.item-service-url}"; nested exception is java.lang.IllegalArgumentException: Could not resolve placeholder 'feign.clients.item-service-url' in value "http://${feign.clients.item-service-url}"
Caused by: java.lang.IllegalArgumentException: Could not resolve placeholder 'feign.clients.item-service-url' in value "http://${feign.clients.item-service-url}"
</error>
    <system-out><![CDATA[09:58:22.594 [main] DEBUG org.springframework.test.context.BootstrapUtils - Instantiating CacheAwareContextLoaderDelegate from class [org.springframework.test.context.cache.DefaultCacheAwareContextLoaderDelegate]
09:58:22.625 [main] DEBUG org.springframework.test.context.BootstrapUtils - Instantiating BootstrapContext using constructor [public org.springframework.test.context.support.DefaultBootstrapContext(java.lang.Class,org.springframework.test.context.CacheAwareContextLoaderDelegate)]
09:58:22.688 [main] DEBUG org.springframework.test.context.BootstrapUtils - Instantiating TestContextBootstrapper for test class [com.salesOrderService.SalesOrderServiceApplicationTests] from class [org.springframework.boot.test.context.SpringBootTestContextBootstrapper]
09:58:22.720 [main] INFO org.springframework.boot.test.context.SpringBootTestContextBootstrapper - Neither @ContextConfiguration nor @ContextHierarchy found for test class [com.salesOrderService.SalesOrderServiceApplicationTests], using SpringBootContextLoader
09:58:22.720 [main] DEBUG org.springframework.test.context.support.AbstractContextLoader - Did not detect default resource location for test class [com.salesOrderService.SalesOrderServiceApplicationTests]: class path resource [com/salesOrderService/SalesOrderServiceApplicationTests-context.xml] does not exist
09:58:22.720 [main] DEBUG org.springframework.test.context.support.AbstractContextLoader - Did not detect default resource location for test class [com.salesOrderService.SalesOrderServiceApplicationTests]: class path resource [com/salesOrderService/SalesOrderServiceApplicationTestsContext.groovy] does not exist
09:58:22.720 [main] INFO org.springframework.test.context.support.AbstractContextLoader - Could not detect default resource locations for test class [com.salesOrderService.SalesOrderServiceApplicationTests]: no resource found for suffixes {-context.xml, Context.groovy}.
09:58:22.720 [main] INFO org.springframework.test.context.support.AnnotationConfigContextLoaderUtils - Could not detect default configuration classes for test class [com.salesOrderService.SalesOrderServiceApplicationTests]: SalesOrderServiceApplicationTests does not declare any static, non-private, non-final, nested classes annotated with @Configuration.
09:58:22.813 [main] DEBUG org.springframework.test.context.support.ActiveProfilesUtils - Could not find an 'annotation declaring class' for annotation type [org.springframework.test.context.ActiveProfiles] and class [com.salesOrderService.SalesOrderServiceApplicationTests]
09:58:22.955 [main] DEBUG org.springframework.context.annotation.ClassPathScanningCandidateComponentProvider - Identified candidate component class: file [C:\SelfLearning\github\SalesOrderService\target\classes\com\salesOrderService\SalesOrderServiceApplication.class]
09:58:22.970 [main] INFO org.springframework.boot.test.context.SpringBootTestContextBootstrapper - Found @SpringBootConfiguration com.salesOrderService.SalesOrderServiceApplication for test class com.salesOrderService.SalesOrderServiceApplicationTests
09:58:23.221 [main] DEBUG org.springframework.boot.test.context.SpringBootTestContextBootstrapper - @TestExecutionListeners is not present for class [com.salesOrderService.SalesOrderServiceApplicationTests]: using defaults.
09:58:23.221 [main] INFO org.springframework.boot.test.context.SpringBootTestContextBootstrapper - Loaded default TestExecutionListener class names from location [META-INF/spring.factories]: [org.springframework.boot.test.mock.mockito.MockitoTestExecutionListener, org.springframework.boot.test.mock.mockito.ResetMocksTestExecutionListener, org.springframework.boot.test.autoconfigure.restdocs.RestDocsTestExecutionListener, org.springframework.boot.test.autoconfigure.web.client.MockRestServiceServerResetTestExecutionListener, org.springframework.boot.test.autoconfigure.web.servlet.MockMvcPrintOnlyOnFailureTestExecutionListener, org.springframework.boot.test.autoconfigure.web.servlet.WebDriverTestExecutionListener, org.springframework.test.context.web.ServletTestExecutionListener, org.springframework.test.context.support.DirtiesContextBeforeModesTestExecutionListener, org.springframework.test.context.support.DependencyInjectionTestExecutionListener, org.springframework.test.context.support.DirtiesContextTestExecutionListener, org.springframework.test.context.transaction.TransactionalTestExecutionListener, org.springframework.test.context.jdbc.SqlScriptsTestExecutionListener, org.springframework.test.context.event.EventPublishingTestExecutionListener]
09:58:23.268 [main] INFO org.springframework.boot.test.context.SpringBootTestContextBootstrapper - Using TestExecutionListeners: [org.springframework.test.context.web.ServletTestExecutionListener@4808bc9b, org.springframework.test.context.support.DirtiesContextBeforeModesTestExecutionListener@70e38ce1, org.springframework.boot.test.mock.mockito.MockitoTestExecutionListener@2ca923bb, org.springframework.boot.test.autoconfigure.SpringBootDependencyInjectionTestExecutionListener@13df2a8c, org.springframework.test.context.support.DirtiesContextTestExecutionListener@1ebea008, org.springframework.test.context.transaction.TransactionalTestExecutionListener@72d6b3ba, org.springframework.test.context.jdbc.SqlScriptsTestExecutionListener@1787f2a0, org.springframework.test.context.event.EventPublishingTestExecutionListener@7de62196, org.springframework.boot.test.mock.mockito.ResetMocksTestExecutionListener@163370c2, org.springframework.boot.test.autoconfigure.restdocs.RestDocsTestExecutionListener@51bf5add, org.springframework.boot.test.autoconfigure.web.client.MockRestServiceServerResetTestExecutionListener@7905a0b8, org.springframework.boot.test.autoconfigure.web.servlet.MockMvcPrintOnlyOnFailureTestExecutionListener@35a3d49f, org.springframework.boot.test.autoconfigure.web.servlet.WebDriverTestExecutionListener@389b0789]
09:58:23.284 [main] DEBUG org.springframework.test.context.support.AbstractDirtiesContextTestExecutionListener - Before test class: context [DefaultTestContext@6f8e8894 testClass = SalesOrderServiceApplicationTests, testInstance = [null], testMethod = [null], testException = [null], mergedContextConfiguration = [WebMergedContextConfiguration@3cfdd820 testClass = SalesOrderServiceApplicationTests, locations = '{}', classes = '{class com.salesOrderService.SalesOrderServiceApplication}', contextInitializerClasses = '[]', activeProfiles = '{}', propertySourceLocations = '{}', propertySourceProperties = '{org.springframework.boot.test.context.SpringBootTestContextBootstrapper=true}', contextCustomizers = set[org.springframework.boot.test.context.filter.ExcludeFilterContextCustomizer@198b6731, org.springframework.boot.test.json.DuplicateJsonObjectContextCustomizerFactory$DuplicateJsonObjectContextCustomizer@3bf7ca37, org.springframework.boot.test.mock.mockito.MockitoContextCustomizer@0, org.springframework.boot.test.web.client.TestRestTemplateContextCustomizer@65e98b1c, org.springframework.boot.test.autoconfigure.properties.PropertyMappingContextCustomizer@0, org.springframework.boot.test.autoconfigure.web.servlet.WebDriverContextCustomizerFactory$Customizer@ae13544, org.springframework.boot.test.context.SpringBootTestArgs@1], resourceBasePath = 'src/main/webapp', contextLoader = 'org.springframework.boot.test.context.SpringBootContextLoader', parent = [null]], attributes = map['org.springframework.test.context.web.ServletTestExecutionListener.activateListener' -> true]], class annotated with @DirtiesContext [false] with mode [null].
09:58:23.347 [main] DEBUG org.springframework.test.context.support.TestPropertySourceUtils - Adding inlined properties to environment: {spring.jmx.enabled=false, org.springframework.boot.test.context.SpringBootTestContextBootstrapper=true, server.port=-1}
2022-11-29 09:58:24.902  INFO 19928 --- [           main] trationDelegate$BeanPostProcessorChecker : Bean 'org.springframework.cloud.autoconfigure.ConfigurationPropertiesRebinderAutoConfiguration' of type [org.springframework.cloud.autoconfigure.ConfigurationPropertiesRebinderAutoConfiguration$$EnhancerBySpringCGLIB$$67fd1947] is not eligible for getting processed by all BeanPostProcessors (for example: not eligible for auto-proxying)

  .   ____          _            __ _ _
 /\\ / ___'_ __ _ _(_)_ __  __ _ \ \ \ \
( ( )\___ | '_ | '_| | '_ \/ _` | \ \ \ \
 \\/  ___)| |_)| | | | | || (_| |  ) ) ) )
  '  |____| .__|_| |_|_| |_\__, | / / / /
 =========|_|==============|___/=/_/_/_/
 :: Spring Boot ::       (v2.2.10.RELEASE)

2022-11-29 09:58:25.969  INFO 19928 --- [           main] c.c.c.ConfigServicePropertySourceLocator : Fetching config from server at : http://localhost:8888
2022-11-29 09:58:28.202  INFO 19928 --- [           main] c.c.c.ConfigServicePropertySourceLocator : Connect Timeout Exception on Url - http://localhost:8888. Will be trying the next url if available
2022-11-29 09:58:28.202  WARN 19928 --- [           main] c.c.c.ConfigServicePropertySourceLocator : Could not locate PropertySource: I/O error on GET request for "http://localhost:8888/sales-order-service/default": Connection refused: connect; nested exception is java.net.ConnectException: Connection refused: connect
2022-11-29 09:58:28.202  INFO 19928 --- [           main] c.s.SalesOrderServiceApplicationTests    : No active profile set, falling back to default profiles: default
2022-11-29 09:58:29.285  INFO 19928 --- [           main] .s.d.r.c.RepositoryConfigurationDelegate : Bootstrapping Spring Data JPA repositories in DEFAULT mode.
2022-11-29 09:58:29.489  INFO 19928 --- [           main] .s.d.r.c.RepositoryConfigurationDelegate : Finished Spring Data repository scanning in 188ms. Found 3 JPA repository interfaces.
2022-11-29 09:58:30.148  INFO 19928 --- [           main] o.s.cloud.context.scope.GenericScope     : BeanFactory id=3c038f97-e56c-3d13-9977-0defd38e1f03
2022-11-29 09:58:30.148  WARN 19928 --- [           main] o.s.w.c.s.GenericWebApplicationContext   : Exception encountered during context initialization - cancelling refresh attempt: org.springframework.beans.factory.BeanDefinitionStoreException: Invalid bean definition with name 'com.salesOrderService.feign_clients.ItemServiceFeignClient' defined in null: Could not resolve placeholder 'feign.clients.item-service-url' in value "http://${feign.clients.item-service-url}"; nested exception is java.lang.IllegalArgumentException: Could not resolve placeholder 'feign.clients.item-service-url' in value "http://${feign.clients.item-service-url}"
2022-11-29 09:58:30.164  INFO 19928 --- [           main] ConditionEvaluationReportLoggingListener : 

Error starting ApplicationContext. To display the conditions report re-run your application with 'debug' enabled.
2022-11-29 09:58:30.180 ERROR 19928 --- [           main] o.s.boot.SpringApplication               : Application run failed

org.springframework.beans.factory.BeanDefinitionStoreException: Invalid bean definition with name 'com.salesOrderService.feign_clients.ItemServiceFeignClient' defined in null: Could not resolve placeholder 'feign.clients.item-service-url' in value "http://${feign.clients.item-service-url}"; nested exception is java.lang.IllegalArgumentException: Could not resolve placeholder 'feign.clients.item-service-url' in value "http://${feign.clients.item-service-url}"
	at org.springframework.beans.factory.config.PlaceholderConfigurerSupport.doProcessProperties(PlaceholderConfigurerSupport.java:228) ~[spring-beans-5.2.9.RELEASE.jar:5.2.9.RELEASE]
	at org.springframework.context.support.PropertySourcesPlaceholderConfigurer.processProperties(PropertySourcesPlaceholderConfigurer.java:182) ~[spring-context-5.2.9.RELEASE.jar:5.2.9.RELEASE]
	at org.springframework.context.support.PropertySourcesPlaceholderConfigurer.postProcessBeanFactory(PropertySourcesPlaceholderConfigurer.java:157) ~[spring-context-5.2.9.RELEASE.jar:5.2.9.RELEASE]
	at org.springframework.context.support.PostProcessorRegistrationDelegate.invokeBeanFactoryPostProcessors(PostProcessorRegistrationDelegate.java:291) ~[spring-context-5.2.9.RELEASE.jar:5.2.9.RELEASE]
	at org.springframework.context.support.PostProcessorRegistrationDelegate.invokeBeanFactoryPostProcessors(PostProcessorRegistrationDelegate.java:167) ~[spring-context-5.2.9.RELEASE.jar:5.2.9.RELEASE]
	at org.springframework.context.support.AbstractApplicationContext.invokeBeanFactoryPostProcessors(AbstractApplicationContext.java:707) ~[spring-context-5.2.9.RELEASE.jar:5.2.9.RELEASE]
	at org.springframework.context.support.AbstractApplicationContext.refresh(AbstractApplicationContext.java:533) ~[spring-context-5.2.9.RELEASE.jar:5.2.9.RELEASE]
	at org.springframework.boot.SpringApplication.refresh(SpringApplication.java:747) ~[spring-boot-2.2.10.RELEASE.jar:2.2.10.RELEASE]
	at org.springframework.boot.SpringApplication.refreshContext(SpringApplication.java:397) ~[spring-boot-2.2.10.RELEASE.jar:2.2.10.RELEASE]
	at org.springframework.boot.SpringApplication.run(SpringApplication.java:315) ~[spring-boot-2.2.10.RELEASE.jar:2.2.10.RELEASE]
	at org.springframework.boot.test.context.SpringBootContextLoader.loadContext(SpringBootContextLoader.java:124) [spring-boot-test-2.2.10.RELEASE.jar:2.2.10.RELEASE]
	at org.springframework.test.context.cache.DefaultCacheAwareContextLoaderDelegate.loadContextInternal(DefaultCacheAwareContextLoaderDelegate.java:99) [spring-test-5.2.9.RELEASE.jar:5.2.9.RELEASE]
	at org.springframework.test.context.cache.DefaultCacheAwareContextLoaderDelegate.loadContext(DefaultCacheAwareContextLoaderDelegate.java:124) [spring-test-5.2.9.RELEASE.jar:5.2.9.RELEASE]
	at org.springframework.test.context.support.DefaultTestContext.getApplicationContext(DefaultTestContext.java:123) [spring-test-5.2.9.RELEASE.jar:5.2.9.RELEASE]
	at org.springframework.test.context.web.ServletTestExecutionListener.setUpRequestContextIfNecessary(ServletTestExecutionListener.java:190) [spring-test-5.2.9.RELEASE.jar:5.2.9.RELEASE]
	at org.springframework.test.context.web.ServletTestExecutionListener.prepareTestInstance(ServletTestExecutionListener.java:132) [spring-test-5.2.9.RELEASE.jar:5.2.9.RELEASE]
	at org.springframework.test.context.TestContextManager.prepareTestInstance(TestContextManager.java:244) [spring-test-5.2.9.RELEASE.jar:5.2.9.RELEASE]
	at org.springframework.test.context.junit.jupiter.SpringExtension.postProcessTestInstance(SpringExtension.java:98) [spring-test-5.2.9.RELEASE.jar:5.2.9.RELEASE]
	at org.junit.jupiter.engine.descriptor.ClassBasedTestDescriptor.lambda$invokeTestInstancePostProcessors$5(ClassBasedTestDescriptor.java:337) [junit-jupiter-engine-5.5.2.jar:5.5.2]
	at org.junit.jupiter.engine.descriptor.ClassBasedTestDescriptor.executeAndMaskThrowable(ClassBasedTestDescriptor.java:342) [junit-jupiter-engine-5.5.2.jar:5.5.2]
	at org.junit.jupiter.engine.descriptor.ClassBasedTestDescriptor.lambda$invokeTestInstancePostProcessors$6(ClassBasedTestDescriptor.java:337) [junit-jupiter-engine-5.5.2.jar:5.5.2]
	at java.util.stream.ReferencePipeline$3$1.accept(ReferencePipeline.java:193) ~[na:1.8.0_333]
	at java.util.stream.ReferencePipeline$2$1.accept(ReferencePipeline.java:175) ~[na:1.8.0_333]
	at java.util.ArrayList$ArrayListSpliterator.forEachRemaining(ArrayList.java:1384) ~[na:1.8.0_333]
	at java.util.stream.AbstractPipeline.copyInto(AbstractPipeline.java:482) ~[na:1.8.0_333]
	at java.util.stream.AbstractPipeline.wrapAndCopyInto(AbstractPipeline.java:472) ~[na:1.8.0_333]
	at java.util.stream.StreamSpliterators$WrappingSpliterator.forEachRemaining(StreamSpliterators.java:312) ~[na:1.8.0_333]
	at java.util.stream.Streams$ConcatSpliterator.forEachRemaining(Streams.java:743) ~[na:1.8.0_333]
	at java.util.stream.Streams$ConcatSpliterator.forEachRemaining(Streams.java:742) ~[na:1.8.0_333]
	at java.util.stream.ReferencePipeline$Head.forEach(ReferencePipeline.java:580) ~[na:1.8.0_333]
	at org.junit.jupiter.engine.descriptor.ClassBasedTestDescriptor.invokeTestInstancePostProcessors(ClassBasedTestDescriptor.java:336) [junit-jupiter-engine-5.5.2.jar:5.5.2]
	at org.junit.jupiter.engine.descriptor.ClassBasedTestDescriptor.instantiateAndPostProcessTestInstance(ClassBasedTestDescriptor.java:259) [junit-jupiter-engine-5.5.2.jar:5.5.2]
	at org.junit.jupiter.engine.descriptor.ClassBasedTestDescriptor.lambda$testInstancesProvider$2(ClassBasedTestDescriptor.java:252) [junit-jupiter-engine-5.5.2.jar:5.5.2]
	at java.util.Optional.orElseGet(Optional.java:267) ~[na:1.8.0_333]
	at org.junit.jupiter.engine.descriptor.ClassBasedTestDescriptor.lambda$testInstancesProvider$3(ClassBasedTestDescriptor.java:251) [junit-jupiter-engine-5.5.2.jar:5.5.2]
	at org.junit.jupiter.engine.execution.TestInstancesProvider.getTestInstances(TestInstancesProvider.java:29) ~[junit-jupiter-engine-5.5.2.jar:5.5.2]
	at org.junit.jupiter.engine.descriptor.TestMethodTestDescriptor.lambda$prepare$0(TestMethodTestDescriptor.java:106) ~[junit-jupiter-engine-5.5.2.jar:5.5.2]
	at org.junit.platform.engine.support.hierarchical.ThrowableCollector.execute(ThrowableCollector.java:73) ~[junit-platform-engine-1.5.2.jar:1.5.2]
	at org.junit.jupiter.engine.descriptor.TestMethodTestDescriptor.prepare(TestMethodTestDescriptor.java:105) ~[junit-jupiter-engine-5.5.2.jar:5.5.2]
	at org.junit.jupiter.engine.descriptor.TestMethodTestDescriptor.prepare(TestMethodTestDescriptor.java:69) ~[junit-jupiter-engine-5.5.2.jar:5.5.2]
	at org.junit.platform.engine.support.hierarchical.NodeTestTask.lambda$prepare$1(NodeTestTask.java:107) ~[junit-platform-engine-1.5.2.jar:1.5.2]
	at org.junit.platform.engine.support.hierarchical.ThrowableCollector.execute(ThrowableCollector.java:73) ~[junit-platform-engine-1.5.2.jar:1.5.2]
	at org.junit.platform.engine.support.hierarchical.NodeTestTask.prepare(NodeTestTask.java:107) ~[junit-platform-engine-1.5.2.jar:1.5.2]
	at org.junit.platform.engine.support.hierarchical.NodeTestTask.execute(NodeTestTask.java:75) ~[junit-platform-engine-1.5.2.jar:1.5.2]
	at java.util.ArrayList.forEach(ArrayList.java:1259) ~[na:1.8.0_333]
	at org.junit.platform.engine.support.hierarchical.SameThreadHierarchicalTestExecutorService.invokeAll(SameThreadHierarchicalTestExecutorService.java:38) ~[junit-platform-engine-1.5.2.jar:1.5.2]
	at org.junit.platform.engine.support.hierarchical.NodeTestTask.lambda$executeRecursively$5(NodeTestTask.java:139) ~[junit-platform-engine-1.5.2.jar:1.5.2]
	at org.junit.platform.engine.support.hierarchical.ThrowableCollector.execute(ThrowableCollector.java:73) ~[junit-platform-engine-1.5.2.jar:1.5.2]
	at org.junit.platform.engine.support.hierarchical.NodeTestTask.lambda$executeRecursively$7(NodeTestTask.java:125) ~[junit-platform-engine-1.5.2.jar:1.5.2]
	at org.junit.platform.engine.support.hierarchical.Node.around(Node.java:135) ~[junit-platform-engine-1.5.2.jar:1.5.2]
	at org.junit.platform.engine.support.hierarchical.NodeTestTask.lambda$executeRecursively$8(NodeTestTask.java:123) ~[junit-platform-engine-1.5.2.jar:1.5.2]
	at org.junit.platform.engine.support.hierarchical.ThrowableCollector.execute(ThrowableCollector.java:73) ~[junit-platform-engine-1.5.2.jar:1.5.2]
	at org.junit.platform.engine.support.hierarchical.NodeTestTask.executeRecursively(NodeTestTask.java:122) ~[junit-platform-engine-1.5.2.jar:1.5.2]
	at org.junit.platform.engine.support.hierarchical.NodeTestTask.execute(NodeTestTask.java:80) ~[junit-platform-engine-1.5.2.jar:1.5.2]
	at java.util.ArrayList.forEach(ArrayList.java:1259) ~[na:1.8.0_333]
	at org.junit.platform.engine.support.hierarchical.SameThreadHierarchicalTestExecutorService.invokeAll(SameThreadHierarchicalTestExecutorService.java:38) ~[junit-platform-engine-1.5.2.jar:1.5.2]
	at org.junit.platform.engine.support.hierarchical.NodeTestTask.lambda$executeRecursively$5(NodeTestTask.java:139) ~[junit-platform-engine-1.5.2.jar:1.5.2]
	at org.junit.platform.engine.support.hierarchical.ThrowableCollector.execute(ThrowableCollector.java:73) ~[junit-platform-engine-1.5.2.jar:1.5.2]
	at org.junit.platform.engine.support.hierarchical.NodeTestTask.lambda$executeRecursively$7(NodeTestTask.java:125) ~[junit-platform-engine-1.5.2.jar:1.5.2]
	at org.junit.platform.engine.support.hierarchical.Node.around(Node.java:135) ~[junit-platform-engine-1.5.2.jar:1.5.2]
	at org.junit.platform.engine.support.hierarchical.NodeTestTask.lambda$executeRecursively$8(NodeTestTask.java:123) ~[junit-platform-engine-1.5.2.jar:1.5.2]
	at org.junit.platform.engine.support.hierarchical.ThrowableCollector.execute(ThrowableCollector.java:73) ~[junit-platform-engine-1.5.2.jar:1.5.2]
	at org.junit.platform.engine.support.hierarchical.NodeTestTask.executeRecursively(NodeTestTask.java:122) ~[junit-platform-engine-1.5.2.jar:1.5.2]
	at org.junit.platform.engine.support.hierarchical.NodeTestTask.execute(NodeTestTask.java:80) ~[junit-platform-engine-1.5.2.jar:1.5.2]
	at org.junit.platform.engine.support.hierarchical.SameThreadHierarchicalTestExecutorService.submit(SameThreadHierarchicalTestExecutorService.java:32) ~[junit-platform-engine-1.5.2.jar:1.5.2]
	at org.junit.platform.engine.support.hierarchical.HierarchicalTestExecutor.execute(HierarchicalTestExecutor.java:57) ~[junit-platform-engine-1.5.2.jar:1.5.2]
	at org.junit.platform.engine.support.hierarchical.HierarchicalTestEngine.execute(HierarchicalTestEngine.java:51) ~[junit-platform-engine-1.5.2.jar:1.5.2]
	at org.junit.platform.launcher.core.DefaultLauncher.execute(DefaultLauncher.java:220) ~[junit-platform-launcher-1.3.1.jar:1.3.1]
	at org.junit.platform.launcher.core.DefaultLauncher.lambda$execute$6(DefaultLauncher.java:188) ~[junit-platform-launcher-1.3.1.jar:1.3.1]
	at org.junit.platform.launcher.core.DefaultLauncher.withInterceptedStreams(DefaultLauncher.java:202) ~[junit-platform-launcher-1.3.1.jar:1.3.1]
	at org.junit.platform.launcher.core.DefaultLauncher.execute(DefaultLauncher.java:181) ~[junit-platform-launcher-1.3.1.jar:1.3.1]
	at org.junit.platform.launcher.core.DefaultLauncher.execute(DefaultLauncher.java:128) ~[junit-platform-launcher-1.3.1.jar:1.3.1]
	at org.apache.maven.surefire.junitplatform.JUnitPlatformProvider.invokeAllTests(JUnitPlatformProvider.java:150) ~[surefire-junit-platform-2.22.2.jar:2.22.2]
	at org.apache.maven.surefire.junitplatform.JUnitPlatformProvider.invoke(JUnitPlatformProvider.java:124) ~[surefire-junit-platform-2.22.2.jar:2.22.2]
	at org.apache.maven.surefire.booter.ForkedBooter.invokeProviderInSameClassLoader(ForkedBooter.java:384) ~[surefire-booter-2.22.2.jar:2.22.2]
	at org.apache.maven.surefire.booter.ForkedBooter.runSuitesInProcess(ForkedBooter.java:345) ~[surefire-booter-2.22.2.jar:2.22.2]
	at org.apache.maven.surefire.booter.ForkedBooter.execute(ForkedBooter.java:126) ~[surefire-booter-2.22.2.jar:2.22.2]
	at org.apache.maven.surefire.booter.ForkedBooter.main(ForkedBooter.java:418) ~[surefire-booter-2.22.2.jar:2.22.2]
Caused by: java.lang.IllegalArgumentException: Could not resolve placeholder 'feign.clients.item-service-url' in value "http://${feign.clients.item-service-url}"
	at org.springframework.util.PropertyPlaceholderHelper.parseStringValue(PropertyPlaceholderHelper.java:178) ~[spring-core-5.2.9.RELEASE.jar:5.2.9.RELEASE]
	at org.springframework.util.PropertyPlaceholderHelper.replacePlaceholders(PropertyPlaceholderHelper.java:124) ~[spring-core-5.2.9.RELEASE.jar:5.2.9.RELEASE]
	at org.springframework.core.env.AbstractPropertyResolver.doResolvePlaceholders(AbstractPropertyResolver.java:239) ~[spring-core-5.2.9.RELEASE.jar:5.2.9.RELEASE]
	at org.springframework.core.env.AbstractPropertyResolver.resolveRequiredPlaceholders(AbstractPropertyResolver.java:210) ~[spring-core-5.2.9.RELEASE.jar:5.2.9.RELEASE]
	at org.springframework.context.support.PropertySourcesPlaceholderConfigurer.lambda$processProperties$0(PropertySourcesPlaceholderConfigurer.java:175) ~[spring-context-5.2.9.RELEASE.jar:5.2.9.RELEASE]
	at org.springframework.beans.factory.config.BeanDefinitionVisitor.resolveStringValue(BeanDefinitionVisitor.java:296) ~[spring-beans-5.2.9.RELEASE.jar:5.2.9.RELEASE]
	at org.springframework.beans.factory.config.BeanDefinitionVisitor.resolveValue(BeanDefinitionVisitor.java:222) ~[spring-beans-5.2.9.RELEASE.jar:5.2.9.RELEASE]
	at org.springframework.beans.factory.config.BeanDefinitionVisitor.visitPropertyValues(BeanDefinitionVisitor.java:147) ~[spring-beans-5.2.9.RELEASE.jar:5.2.9.RELEASE]
	at org.springframework.beans.factory.config.BeanDefinitionVisitor.visitBeanDefinition(BeanDefinitionVisitor.java:85) ~[spring-beans-5.2.9.RELEASE.jar:5.2.9.RELEASE]
	at org.springframework.beans.factory.config.PlaceholderConfigurerSupport.doProcessProperties(PlaceholderConfigurerSupport.java:225) ~[spring-beans-5.2.9.RELEASE.jar:5.2.9.RELEASE]
	... 77 common frames omitted

2022-11-29 09:58:30.195 ERROR 19928 --- [           main] o.s.test.context.TestContextManager      : Caught exception while allowing TestExecutionListener [org.springframework.test.context.web.ServletTestExecutionListener@4808bc9b] to prepare test instance [com.salesOrderService.SalesOrderServiceApplicationTests@4f0f7849]

java.lang.IllegalStateException: Failed to load ApplicationContext
	at org.springframework.test.context.cache.DefaultCacheAwareContextLoaderDelegate.loadContext(DefaultCacheAwareContextLoaderDelegate.java:132) ~[spring-test-5.2.9.RELEASE.jar:5.2.9.RELEASE]
	at org.springframework.test.context.support.DefaultTestContext.getApplicationContext(DefaultTestContext.java:123) ~[spring-test-5.2.9.RELEASE.jar:5.2.9.RELEASE]
	at org.springframework.test.context.web.ServletTestExecutionListener.setUpRequestContextIfNecessary(ServletTestExecutionListener.java:190) ~[spring-test-5.2.9.RELEASE.jar:5.2.9.RELEASE]
	at org.springframework.test.context.web.ServletTestExecutionListener.prepareTestInstance(ServletTestExecutionListener.java:132) ~[spring-test-5.2.9.RELEASE.jar:5.2.9.RELEASE]
	at org.springframework.test.context.TestContextManager.prepareTestInstance(TestContextManager.java:244) ~[spring-test-5.2.9.RELEASE.jar:5.2.9.RELEASE]
	at org.springframework.test.context.junit.jupiter.SpringExtension.postProcessTestInstance(SpringExtension.java:98) [spring-test-5.2.9.RELEASE.jar:5.2.9.RELEASE]
	at org.junit.jupiter.engine.descriptor.ClassBasedTestDescriptor.lambda$invokeTestInstancePostProcessors$5(ClassBasedTestDescriptor.java:337) [junit-jupiter-engine-5.5.2.jar:5.5.2]
	at org.junit.jupiter.engine.descriptor.ClassBasedTestDescriptor.executeAndMaskThrowable(ClassBasedTestDescriptor.java:342) [junit-jupiter-engine-5.5.2.jar:5.5.2]
	at org.junit.jupiter.engine.descriptor.ClassBasedTestDescriptor.lambda$invokeTestInstancePostProcessors$6(ClassBasedTestDescriptor.java:337) [junit-jupiter-engine-5.5.2.jar:5.5.2]
	at java.util.stream.ReferencePipeline$3$1.accept(ReferencePipeline.java:193) ~[na:1.8.0_333]
	at java.util.stream.ReferencePipeline$2$1.accept(ReferencePipeline.java:175) ~[na:1.8.0_333]
	at java.util.ArrayList$ArrayListSpliterator.forEachRemaining(ArrayList.java:1384) ~[na:1.8.0_333]
	at java.util.stream.AbstractPipeline.copyInto(AbstractPipeline.java:482) ~[na:1.8.0_333]
	at java.util.stream.AbstractPipeline.wrapAndCopyInto(AbstractPipeline.java:472) ~[na:1.8.0_333]
	at java.util.stream.StreamSpliterators$WrappingSpliterator.forEachRemaining(StreamSpliterators.java:312) ~[na:1.8.0_333]
	at java.util.stream.Streams$ConcatSpliterator.forEachRemaining(Streams.java:743) ~[na:1.8.0_333]
	at java.util.stream.Streams$ConcatSpliterator.forEachRemaining(Streams.java:742) ~[na:1.8.0_333]
	at java.util.stream.ReferencePipeline$Head.forEach(ReferencePipeline.java:580) ~[na:1.8.0_333]
	at org.junit.jupiter.engine.descriptor.ClassBasedTestDescriptor.invokeTestInstancePostProcessors(ClassBasedTestDescriptor.java:336) [junit-jupiter-engine-5.5.2.jar:5.5.2]
	at org.junit.jupiter.engine.descriptor.ClassBasedTestDescriptor.instantiateAndPostProcessTestInstance(ClassBasedTestDescriptor.java:259) [junit-jupiter-engine-5.5.2.jar:5.5.2]
	at org.junit.jupiter.engine.descriptor.ClassBasedTestDescriptor.lambda$testInstancesProvider$2(ClassBasedTestDescriptor.java:252) [junit-jupiter-engine-5.5.2.jar:5.5.2]
	at java.util.Optional.orElseGet(Optional.java:267) ~[na:1.8.0_333]
	at org.junit.jupiter.engine.descriptor.ClassBasedTestDescriptor.lambda$testInstancesProvider$3(ClassBasedTestDescriptor.java:251) [junit-jupiter-engine-5.5.2.jar:5.5.2]
	at org.junit.jupiter.engine.execution.TestInstancesProvider.getTestInstances(TestInstancesProvider.java:29) ~[junit-jupiter-engine-5.5.2.jar:5.5.2]
	at org.junit.jupiter.engine.descriptor.TestMethodTestDescriptor.lambda$prepare$0(TestMethodTestDescriptor.java:106) ~[junit-jupiter-engine-5.5.2.jar:5.5.2]
	at org.junit.platform.engine.support.hierarchical.ThrowableCollector.execute(ThrowableCollector.java:73) ~[junit-platform-engine-1.5.2.jar:1.5.2]
	at org.junit.jupiter.engine.descriptor.TestMethodTestDescriptor.prepare(TestMethodTestDescriptor.java:105) ~[junit-jupiter-engine-5.5.2.jar:5.5.2]
	at org.junit.jupiter.engine.descriptor.TestMethodTestDescriptor.prepare(TestMethodTestDescriptor.java:69) ~[junit-jupiter-engine-5.5.2.jar:5.5.2]
	at org.junit.platform.engine.support.hierarchical.NodeTestTask.lambda$prepare$1(NodeTestTask.java:107) ~[junit-platform-engine-1.5.2.jar:1.5.2]
	at org.junit.platform.engine.support.hierarchical.ThrowableCollector.execute(ThrowableCollector.java:73) ~[junit-platform-engine-1.5.2.jar:1.5.2]
	at org.junit.platform.engine.support.hierarchical.NodeTestTask.prepare(NodeTestTask.java:107) ~[junit-platform-engine-1.5.2.jar:1.5.2]
	at org.junit.platform.engine.support.hierarchical.NodeTestTask.execute(NodeTestTask.java:75) ~[junit-platform-engine-1.5.2.jar:1.5.2]
	at java.util.ArrayList.forEach(ArrayList.java:1259) ~[na:1.8.0_333]
	at org.junit.platform.engine.support.hierarchical.SameThreadHierarchicalTestExecutorService.invokeAll(SameThreadHierarchicalTestExecutorService.java:38) ~[junit-platform-engine-1.5.2.jar:1.5.2]
	at org.junit.platform.engine.support.hierarchical.NodeTestTask.lambda$executeRecursively$5(NodeTestTask.java:139) ~[junit-platform-engine-1.5.2.jar:1.5.2]
	at org.junit.platform.engine.support.hierarchical.ThrowableCollector.execute(ThrowableCollector.java:73) ~[junit-platform-engine-1.5.2.jar:1.5.2]
	at org.junit.platform.engine.support.hierarchical.NodeTestTask.lambda$executeRecursively$7(NodeTestTask.java:125) ~[junit-platform-engine-1.5.2.jar:1.5.2]
	at org.junit.platform.engine.support.hierarchical.Node.around(Node.java:135) ~[junit-platform-engine-1.5.2.jar:1.5.2]
	at org.junit.platform.engine.support.hierarchical.NodeTestTask.lambda$executeRecursively$8(NodeTestTask.java:123) ~[junit-platform-engine-1.5.2.jar:1.5.2]
	at org.junit.platform.engine.support.hierarchical.ThrowableCollector.execute(ThrowableCollector.java:73) ~[junit-platform-engine-1.5.2.jar:1.5.2]
	at org.junit.platform.engine.support.hierarchical.NodeTestTask.executeRecursively(NodeTestTask.java:122) ~[junit-platform-engine-1.5.2.jar:1.5.2]
	at org.junit.platform.engine.support.hierarchical.NodeTestTask.execute(NodeTestTask.java:80) ~[junit-platform-engine-1.5.2.jar:1.5.2]
	at java.util.ArrayList.forEach(ArrayList.java:1259) ~[na:1.8.0_333]
	at org.junit.platform.engine.support.hierarchical.SameThreadHierarchicalTestExecutorService.invokeAll(SameThreadHierarchicalTestExecutorService.java:38) ~[junit-platform-engine-1.5.2.jar:1.5.2]
	at org.junit.platform.engine.support.hierarchical.NodeTestTask.lambda$executeRecursively$5(NodeTestTask.java:139) ~[junit-platform-engine-1.5.2.jar:1.5.2]
	at org.junit.platform.engine.support.hierarchical.ThrowableCollector.execute(ThrowableCollector.java:73) ~[junit-platform-engine-1.5.2.jar:1.5.2]
	at org.junit.platform.engine.support.hierarchical.NodeTestTask.lambda$executeRecursively$7(NodeTestTask.java:125) ~[junit-platform-engine-1.5.2.jar:1.5.2]
	at org.junit.platform.engine.support.hierarchical.Node.around(Node.java:135) ~[junit-platform-engine-1.5.2.jar:1.5.2]
	at org.junit.platform.engine.support.hierarchical.NodeTestTask.lambda$executeRecursively$8(NodeTestTask.java:123) ~[junit-platform-engine-1.5.2.jar:1.5.2]
	at org.junit.platform.engine.support.hierarchical.ThrowableCollector.execute(ThrowableCollector.java:73) ~[junit-platform-engine-1.5.2.jar:1.5.2]
	at org.junit.platform.engine.support.hierarchical.NodeTestTask.executeRecursively(NodeTestTask.java:122) ~[junit-platform-engine-1.5.2.jar:1.5.2]
	at org.junit.platform.engine.support.hierarchical.NodeTestTask.execute(NodeTestTask.java:80) ~[junit-platform-engine-1.5.2.jar:1.5.2]
	at org.junit.platform.engine.support.hierarchical.SameThreadHierarchicalTestExecutorService.submit(SameThreadHierarchicalTestExecutorService.java:32) ~[junit-platform-engine-1.5.2.jar:1.5.2]
	at org.junit.platform.engine.support.hierarchical.HierarchicalTestExecutor.execute(HierarchicalTestExecutor.java:57) ~[junit-platform-engine-1.5.2.jar:1.5.2]
	at org.junit.platform.engine.support.hierarchical.HierarchicalTestEngine.execute(HierarchicalTestEngine.java:51) ~[junit-platform-engine-1.5.2.jar:1.5.2]
	at org.junit.platform.launcher.core.DefaultLauncher.execute(DefaultLauncher.java:220) ~[junit-platform-launcher-1.3.1.jar:1.3.1]
	at org.junit.platform.launcher.core.DefaultLauncher.lambda$execute$6(DefaultLauncher.java:188) ~[junit-platform-launcher-1.3.1.jar:1.3.1]
	at org.junit.platform.launcher.core.DefaultLauncher.withInterceptedStreams(DefaultLauncher.java:202) ~[junit-platform-launcher-1.3.1.jar:1.3.1]
	at org.junit.platform.launcher.core.DefaultLauncher.execute(DefaultLauncher.java:181) ~[junit-platform-launcher-1.3.1.jar:1.3.1]
	at org.junit.platform.launcher.core.DefaultLauncher.execute(DefaultLauncher.java:128) ~[junit-platform-launcher-1.3.1.jar:1.3.1]
	at org.apache.maven.surefire.junitplatform.JUnitPlatformProvider.invokeAllTests(JUnitPlatformProvider.java:150) ~[surefire-junit-platform-2.22.2.jar:2.22.2]
	at org.apache.maven.surefire.junitplatform.JUnitPlatformProvider.invoke(JUnitPlatformProvider.java:124) ~[surefire-junit-platform-2.22.2.jar:2.22.2]
	at org.apache.maven.surefire.booter.ForkedBooter.invokeProviderInSameClassLoader(ForkedBooter.java:384) ~[surefire-booter-2.22.2.jar:2.22.2]
	at org.apache.maven.surefire.booter.ForkedBooter.runSuitesInProcess(ForkedBooter.java:345) ~[surefire-booter-2.22.2.jar:2.22.2]
	at org.apache.maven.surefire.booter.ForkedBooter.execute(ForkedBooter.java:126) ~[surefire-booter-2.22.2.jar:2.22.2]
	at org.apache.maven.surefire.booter.ForkedBooter.main(ForkedBooter.java:418) ~[surefire-booter-2.22.2.jar:2.22.2]
Caused by: org.springframework.beans.factory.BeanDefinitionStoreException: Invalid bean definition with name 'com.salesOrderService.feign_clients.ItemServiceFeignClient' defined in null: Could not resolve placeholder 'feign.clients.item-service-url' in value "http://${feign.clients.item-service-url}"; nested exception is java.lang.IllegalArgumentException: Could not resolve placeholder 'feign.clients.item-service-url' in value "http://${feign.clients.item-service-url}"
	at org.springframework.beans.factory.config.PlaceholderConfigurerSupport.doProcessProperties(PlaceholderConfigurerSupport.java:228) ~[spring-beans-5.2.9.RELEASE.jar:5.2.9.RELEASE]
	at org.springframework.context.support.PropertySourcesPlaceholderConfigurer.processProperties(PropertySourcesPlaceholderConfigurer.java:182) ~[spring-context-5.2.9.RELEASE.jar:5.2.9.RELEASE]
	at org.springframework.context.support.PropertySourcesPlaceholderConfigurer.postProcessBeanFactory(PropertySourcesPlaceholderConfigurer.java:157) ~[spring-context-5.2.9.RELEASE.jar:5.2.9.RELEASE]
	at org.springframework.context.support.PostProcessorRegistrationDelegate.invokeBeanFactoryPostProcessors(PostProcessorRegistrationDelegate.java:291) ~[spring-context-5.2.9.RELEASE.jar:5.2.9.RELEASE]
	at org.springframework.context.support.PostProcessorRegistrationDelegate.invokeBeanFactoryPostProcessors(PostProcessorRegistrationDelegate.java:167) ~[spring-context-5.2.9.RELEASE.jar:5.2.9.RELEASE]
	at org.springframework.context.support.AbstractApplicationContext.invokeBeanFactoryPostProcessors(AbstractApplicationContext.java:707) ~[spring-context-5.2.9.RELEASE.jar:5.2.9.RELEASE]
	at org.springframework.context.support.AbstractApplicationContext.refresh(AbstractApplicationContext.java:533) ~[spring-context-5.2.9.RELEASE.jar:5.2.9.RELEASE]
	at org.springframework.boot.SpringApplication.refresh(SpringApplication.java:747) ~[spring-boot-2.2.10.RELEASE.jar:2.2.10.RELEASE]
	at org.springframework.boot.SpringApplication.refreshContext(SpringApplication.java:397) ~[spring-boot-2.2.10.RELEASE.jar:2.2.10.RELEASE]
	at org.springframework.boot.SpringApplication.run(SpringApplication.java:315) ~[spring-boot-2.2.10.RELEASE.jar:2.2.10.RELEASE]
	at org.springframework.boot.test.context.SpringBootContextLoader.loadContext(SpringBootContextLoader.java:124) ~[spring-boot-test-2.2.10.RELEASE.jar:2.2.10.RELEASE]
	at org.springframework.test.context.cache.DefaultCacheAwareContextLoaderDelegate.loadContextInternal(DefaultCacheAwareContextLoaderDelegate.java:99) ~[spring-test-5.2.9.RELEASE.jar:5.2.9.RELEASE]
	at org.springframework.test.context.cache.DefaultCacheAwareContextLoaderDelegate.loadContext(DefaultCacheAwareContextLoaderDelegate.java:124) ~[spring-test-5.2.9.RELEASE.jar:5.2.9.RELEASE]
	... 65 common frames omitted
Caused by: java.lang.IllegalArgumentException: Could not resolve placeholder 'feign.clients.item-service-url' in value "http://${feign.clients.item-service-url}"
	at org.springframework.util.PropertyPlaceholderHelper.parseStringValue(PropertyPlaceholderHelper.java:178) ~[spring-core-5.2.9.RELEASE.jar:5.2.9.RELEASE]
	at org.springframework.util.PropertyPlaceholderHelper.replacePlaceholders(PropertyPlaceholderHelper.java:124) ~[spring-core-5.2.9.RELEASE.jar:5.2.9.RELEASE]
	at org.springframework.core.env.AbstractPropertyResolver.doResolvePlaceholders(AbstractPropertyResolver.java:239) ~[spring-core-5.2.9.RELEASE.jar:5.2.9.RELEASE]
	at org.springframework.core.env.AbstractPropertyResolver.resolveRequiredPlaceholders(AbstractPropertyResolver.java:210) ~[spring-core-5.2.9.RELEASE.jar:5.2.9.RELEASE]
	at org.springframework.context.support.PropertySourcesPlaceholderConfigurer.lambda$processProperties$0(PropertySourcesPlaceholderConfigurer.java:175) ~[spring-context-5.2.9.RELEASE.jar:5.2.9.RELEASE]
	at org.springframework.beans.factory.config.BeanDefinitionVisitor.resolveStringValue(BeanDefinitionVisitor.java:296) ~[spring-beans-5.2.9.RELEASE.jar:5.2.9.RELEASE]
	at org.springframework.beans.factory.config.BeanDefinitionVisitor.resolveValue(BeanDefinitionVisitor.java:222) ~[spring-beans-5.2.9.RELEASE.jar:5.2.9.RELEASE]
	at org.springframework.beans.factory.config.BeanDefinitionVisitor.visitPropertyValues(BeanDefinitionVisitor.java:147) ~[spring-beans-5.2.9.RELEASE.jar:5.2.9.RELEASE]
	at org.springframework.beans.factory.config.BeanDefinitionVisitor.visitBeanDefinition(BeanDefinitionVisitor.java:85) ~[spring-beans-5.2.9.RELEASE.jar:5.2.9.RELEASE]
	at org.springframework.beans.factory.config.PlaceholderConfigurerSupport.doProcessProperties(PlaceholderConfigurerSupport.java:225) ~[spring-beans-5.2.9.RELEASE.jar:5.2.9.RELEASE]
	... 77 common frames omitted

]]></system-out>
  </testcase>
</testsuite>